[ 2015-07-20T09:48:18+08:00 ]EXCEPTION: Method Home\Controller\IndexController::show() does not exist
[ 2015-07-20T09:48:43+08:00 ]EXCEPTION: Method Home\Controller\IndexController::show() does not exist
[ 2015-07-20T09:48:43+08:00 ]EXCEPTION: Method Home\Controller\IndexController::show() does not exist
[ 2015-07-20T09:49:09+08:00 ]EXCEPTION: 模板不存在:app/Home/View/Index/show.php
[ 2015-07-20T09:50:48+08:00 ]EXCEPTION: Admin\Controller\IndexController 不存在
[ 2015-07-20T09:51:41+08:00 ]EXCEPTION: Admin\Controller\IndexController 不存在
[ 2015-07-20T09:52:16+08:00 ]EXCEPTION: Admin\Controller\IndexController 不存在
[ 2015-07-20T09:52:17+08:00 ]EXCEPTION: Admin\Controller\IndexController 不存在
[ 2015-07-20T09:52:17+08:00 ]EXCEPTION: Admin\Controller\IndexController 不存在
[ 2015-07-20T09:52:17+08:00 ]EXCEPTION: Admin\Controller\IndexController 不存在
[ 2015-07-20T09:52:40+08:00 ]EXCEPTION: Method Admin\Controller\IndexController::index() does not exist
[ 2015-07-20T09:53:34+08:00 ]EXCEPTION: 模板不存在:app/Admin/View/Index/http://cmstop.hd/public/header.php
[ 2015-07-20T09:54:37+08:00 ]NOTICE: Undefined index: file/www/cmstop/Hdphp/View/HdphpTag.php 第 59 行.
[ 2015-07-20T09:55:30+08:00 ]NOTICE: Undefined index: file/www/cmstop/Hdphp/View/HdphpTag.php 第 59 行.
[ 2015-07-20T09:55:34+08:00 ]NOTICE: Undefined index: file/www/cmstop/Hdphp/View/HdphpTag.php 第 59 行.
[ 2015-07-20T09:58:07+08:00 ]EXCEPTION: Method Home\Controller\IndexController::index() does not exist
[ 2015-07-20T09:58:07+08:00 ]EXCEPTION: Method Home\Controller\IndexController::index() does not exist
[ 2015-07-20T09:58:07+08:00 ]EXCEPTION: Method Home\Controller\IndexController::index() does not exist
[ 2015-07-20T09:58:07+08:00 ]EXCEPTION: Method Home\Controller\IndexController::index() does not exist
[ 2015-07-20T09:58:38+08:00 ]EXCEPTION: Method Home\Controller\IndexController::index() does not exist
[ 2015-07-20T09:58:38+08:00 ]EXCEPTION: Method Home\Controller\IndexController::index() does not exist
[ 2015-07-20T09:58:38+08:00 ]EXCEPTION: Method Home\Controller\IndexController::index() does not exist
[ 2015-07-20T09:58:38+08:00 ]EXCEPTION: Method Home\Controller\IndexController::index() does not exist
[ 2015-07-20T09:58:38+08:00 ]EXCEPTION: Method Home\Controller\IndexController::index() does not exist
[ 2015-07-20T09:58:38+08:00 ]EXCEPTION: Method Home\Controller\IndexController::index() does not exist
[ 2015-07-20T09:58:38+08:00 ]EXCEPTION: Method Home\Controller\IndexController::index() does not exist
[ 2015-07-20T09:58:38+08:00 ]EXCEPTION: Method Home\Controller\IndexController::index() does not exist
[ 2015-07-20T09:58:39+08:00 ]EXCEPTION: Method Home\Controller\IndexController::index() does not exist
[ 2015-07-20T09:58:39+08:00 ]EXCEPTION: Method Home\Controller\IndexController::index() does not exist
[ 2015-07-20T09:58:39+08:00 ]EXCEPTION: Method Home\Controller\IndexController::index() does not exist
[ 2015-07-20T09:58:39+08:00 ]EXCEPTION: Method Home\Controller\IndexController::index() does not exist
[ 2015-07-20T09:58:42+08:00 ]EXCEPTION: Method Home\Controller\IndexController::index() does not exist
[ 2015-07-20T09:58:42+08:00 ]EXCEPTION: Method Home\Controller\IndexController::index() does not exist
[ 2015-07-20T09:58:44+08:00 ]EXCEPTION: Method Home\Controller\IndexController::index() does not exist
[ 2015-07-20T09:58:44+08:00 ]EXCEPTION: Method Home\Controller\IndexController::index() does not exist
[ 2015-07-20T09:58:44+08:00 ]EXCEPTION: Method Home\Controller\IndexController::index() does not exist
[ 2015-07-20T09:58:44+08:00 ]EXCEPTION: Method Home\Controller\IndexController::index() does not exist
[ 2015-07-20T09:59:06+08:00 ]EXCEPTION: Method Home\Controller\IndexController::index() does not exist
[ 2015-07-20T09:59:06+08:00 ]EXCEPTION: Method Home\Controller\IndexController::index() does not exist
[ 2015-07-20T09:59:06+08:00 ]EXCEPTION: Method Home\Controller\IndexController::index() does not exist
[ 2015-07-20T09:59:07+08:00 ]EXCEPTION: Method Home\Controller\IndexController::index() does not exist
[ 2015-07-20T09:59:07+08:00 ]EXCEPTION: Method Home\Controller\IndexController::index() does not exist
[ 2015-07-20T09:59:07+08:00 ]EXCEPTION: Method Home\Controller\IndexController::index() does not exist
[ 2015-07-20T10:00:17+08:00 ]EXCEPTION: Method Home\Controller\IndexController::index() does not exist
[ 2015-07-20T10:00:17+08:00 ]EXCEPTION: Method Home\Controller\IndexController::index() does not exist
[ 2015-07-20T10:00:28+08:00 ]EXCEPTION: Method Home\Controller\IndexController::index() does not exist
[ 2015-07-20T10:14:06+08:00 ]EXCEPTION: Method Home\Controller\IndexController::index() does not exist
[ 2015-07-20T10:14:06+08:00 ]EXCEPTION: Method Home\Controller\IndexController::index() does not exist
[ 2015-07-20T10:14:07+08:00 ]EXCEPTION: Method Home\Controller\IndexController::index() does not exist
[ 2015-07-20T10:14:07+08:00 ]EXCEPTION: Method Home\Controller\IndexController::index() does not exist
[ 2015-07-20T10:14:07+08:00 ]EXCEPTION: Method Home\Controller\IndexController::index() does not exist
[ 2015-07-20T10:14:09+08:00 ]EXCEPTION: Method Home\Controller\IndexController::index() does not exist
[ 2015-07-20T10:14:22+08:00 ]EXCEPTION: Method Home\Controller\IndexController::index() does not exist
[ 2015-07-20T10:14:23+08:00 ]EXCEPTION: Method Home\Controller\IndexController::index() does not exist
[ 2015-07-20T10:14:25+08:00 ]EXCEPTION: Method Home\Controller\IndexController::index() does not exist
[ 2015-07-20T10:15:15+08:00 ]EXCEPTION: Method Home\Controller\IndexController::index() does not exist
[ 2015-07-20T10:16:06+08:00 ]EXCEPTION: Method Home\Controller\IndexController::index() does not exist
[ 2015-07-20T10:16:34+08:00 ]EXCEPTION: Method Home\Controller\IndexController::index() does not exist
[ 2015-07-20T10:16:43+08:00 ]EXCEPTION: Method Home\Controller\IndexController::index() does not exist
[ 2015-07-20T10:16:52+08:00 ]EXCEPTION: Method Home\Controller\IndexController::index() does not exist
[ 2015-07-20T10:16:53+08:00 ]EXCEPTION: Method Home\Controller\IndexController::index() does not exist
[ 2015-07-20T10:16:53+08:00 ]EXCEPTION: Method Home\Controller\IndexController::index() does not exist
[ 2015-07-20T10:16:53+08:00 ]EXCEPTION: Method Home\Controller\IndexController::index() does not exist
[ 2015-07-20T10:16:56+08:00 ]EXCEPTION: Method Home\Controller\IndexController::index() does not exist
[ 2015-07-20T10:20:34+08:00 ]EXCEPTION: 模板不存在:app/Admin/View/Category/http://cmstop.hd/app/Admin/View/header.php.php
[ 2015-07-20T10:20:54+08:00 ]EXCEPTION: 模板不存在:app/Admin/View/Category/http://cmstop.hd/app/Admin/View/header.php
[ 2015-07-20T10:21:07+08:00 ]EXCEPTION: 模板不存在:app/Admin/View/Category/http://cmstop.hd/app/Admin/View/header.php
[ 2015-07-20T10:21:08+08:00 ]EXCEPTION: 模板不存在:app/Admin/View/Category/http://cmstop.hd/app/Admin/View/header.php
[ 2015-07-20T10:21:08+08:00 ]EXCEPTION: 模板不存在:app/Admin/View/Category/http://cmstop.hd/app/Admin/View/header.php
[ 2015-07-20T10:21:11+08:00 ]EXCEPTION: 模板不存在:app/Admin/View/Category/http://cmstop.hd/app/Admin/View/header.php
[ 2015-07-20T10:21:11+08:00 ]EXCEPTION: 模板不存在:app/Admin/View/Category/http://cmstop.hd/app/Admin/View/header.php
[ 2015-07-20T10:22:00+08:00 ]EXCEPTION: 模板不存在:app/Admin/View/Category/http://cmstop.hd/app/Admin/View/header.php
[ 2015-07-20T10:22:13+08:00 ]EXCEPTION: 模板不存在:app/Admin/View/Category/app/Admin/View/header.php
[ 2015-07-20T10:25:00+08:00 ]EXCEPTION: 模板不存在:app/Admin/View/Index/app/Admin/View/header.php
[ 2015-07-20T10:25:46+08:00 ]EXCEPTION: Method Admin\Controller\CategoryController::edit() does not exist
[ 2015-07-20T10:56:18+08:00 ]EXCEPTION: SQLSTATE[HY000] [1045] Access denied for user 'root'@'localhost' (using password: NO)
[ 2015-07-20T10:56:21+08:00 ]EXCEPTION: SQLSTATE[HY000] [1045] Access denied for user 'root'@'localhost' (using password: NO)
[ 2015-07-20T10:57:10+08:00 ]EXCEPTION: Method Admin\Controller\CategoryController::edit() does not exist
[ 2015-07-20T10:57:30+08:00 ]EXCEPTION: 模板不存在:app/Admin/View/Index/app/Admin/View/header.php
[ 2015-07-20T10:58:04+08:00 ]EXCEPTION: Method Admin\Controller\CategoryController::edit() does not exist
[ 2015-07-20T11:03:25+08:00 ]EXCEPTION: Method Admin\Controller\CategoryController::del() does not exist
[ 2015-07-20T11:38:36+08:00 ]EXCEPTION: Method Admin\Controller\CategoryController::edit() does not exist
[ 2015-07-20T11:39:17+08:00 ]NOTICE: Undefined variable: pid/www/cmstop/app/Admin/Controller/CategoryController.php 第 26 行.
[ 2015-07-20T11:39:17+08:00 ]EXCEPTION: 模板不存在:app/Admin/View/Category/edit.php
[ 2015-07-20T11:39:24+08:00 ]EXCEPTION: 模板不存在:app/Admin/View/Category/edit.php
[ 2015-07-20T11:39:47+08:00 ]NOTICE: Undefined variable: pid/www/cmstop/storage/view/compile/b3928e60d5e1c60559826ee476b6c19c.php 第 26 行.
[ 2015-07-20T11:39:47+08:00 ]NOTICE: Undefined variable: pid/www/cmstop/storage/view/compile/b3928e60d5e1c60559826ee476b6c19c.php 第 26 行.
[ 2015-07-20T11:39:47+08:00 ]NOTICE: Undefined variable: pid/www/cmstop/storage/view/compile/b3928e60d5e1c60559826ee476b6c19c.php 第 26 行.
[ 2015-07-20T11:39:47+08:00 ]NOTICE: Undefined variable: pid/www/cmstop/storage/view/compile/b3928e60d5e1c60559826ee476b6c19c.php 第 26 行.
[ 2015-07-20T11:39:47+08:00 ]NOTICE: Undefined variable: pid/www/cmstop/storage/view/compile/b3928e60d5e1c60559826ee476b6c19c.php 第 26 行.
[ 2015-07-20T11:39:47+08:00 ]NOTICE: Undefined variable: pid/www/cmstop/storage/view/compile/b3928e60d5e1c60559826ee476b6c19c.php 第 26 行.
[ 2015-07-20T11:39:47+08:00 ]NOTICE: Undefined variable: pid/www/cmstop/storage/view/compile/b3928e60d5e1c60559826ee476b6c19c.php 第 26 行.
[ 2015-07-20T11:46:19+08:00 ]NOTICE: Missing argument 1 for Admin\Model\Category::getEditData(), called in /www/cmstop/app/Admin/Controller/CategoryController.php on line 26 and defined/www/cmstop/app/Admin/Model/Category.php 第 60 行.
[ 2015-07-20T11:46:19+08:00 ]NOTICE: Undefined variable: id/www/cmstop/app/Admin/Model/Category.php 第 66 行.
[ 2015-07-20T11:46:19+08:00 ]NOTICE: Undefined variable: id/www/cmstop/app/Admin/Model/Category.php 第 70 行.
[ 2015-07-20T11:46:19+08:00 ]NOTICE: Undefined index: cid/www/cmstop/Hdphp/Data/Data.php 第 74 行.
[ 2015-07-20T11:46:19+08:00 ]NOTICE: Undefined index: cid/www/cmstop/Hdphp/Data/Data.php 第 74 行.
[ 2015-07-20T11:46:19+08:00 ]NOTICE: Undefined index: cid/www/cmstop/Hdphp/Data/Data.php 第 74 行.
[ 2015-07-20T11:46:19+08:00 ]NOTICE: Undefined index: cid/www/cmstop/Hdphp/Data/Data.php 第 74 行.
[ 2015-07-20T11:46:19+08:00 ]NOTICE: Undefined index: cid/www/cmstop/Hdphp/Data/Data.php 第 74 行.
[ 2015-07-20T11:46:19+08:00 ]NOTICE: Undefined index: cid/www/cmstop/Hdphp/Data/Data.php 第 74 行.
[ 2015-07-20T11:46:19+08:00 ]NOTICE: Undefined index: cid/www/cmstop/Hdphp/Data/Data.php 第 74 行.
[ 2015-07-20T11:46:19+08:00 ]NOTICE: Undefined variable: id/www/cmstop/app/Admin/Model/Category.php 第 66 行.
[ 2015-07-20T11:46:19+08:00 ]NOTICE: Undefined variable: id/www/cmstop/app/Admin/Model/Category.php 第 70 行.
[ 2015-07-20T11:46:19+08:00 ]NOTICE: Undefined index: cid/www/cmstop/Hdphp/Data/Data.php 第 74 行.
[ 2015-07-20T11:46:19+08:00 ]NOTICE: Undefined index: cid/www/cmstop/Hdphp/Data/Data.php 第 74 行.
[ 2015-07-20T11:46:19+08:00 ]NOTICE: Undefined index: cid/www/cmstop/Hdphp/Data/Data.php 第 74 行.
[ 2015-07-20T11:46:19+08:00 ]NOTICE: Undefined index: cid/www/cmstop/Hdphp/Data/Data.php 第 74 行.
[ 2015-07-20T11:46:19+08:00 ]NOTICE: Undefined index: cid/www/cmstop/Hdphp/Data/Data.php 第 74 行.
[ 2015-07-20T11:46:19+08:00 ]NOTICE: Undefined index: cid/www/cmstop/Hdphp/Data/Data.php 第 74 行.
[ 2015-07-20T11:46:19+08:00 ]NOTICE: Undefined index: cid/www/cmstop/Hdphp/Data/Data.php 第 74 行.
[ 2015-07-20T11:46:19+08:00 ]NOTICE: Undefined variable: id/www/cmstop/app/Admin/Model/Category.php 第 66 行.
[ 2015-07-20T11:46:19+08:00 ]NOTICE: Undefined variable: id/www/cmstop/app/Admin/Model/Category.php 第 70 行.
[ 2015-07-20T11:46:19+08:00 ]NOTICE: Undefined index: cid/www/cmstop/Hdphp/Data/Data.php 第 74 行.
[ 2015-07-20T11:46:19+08:00 ]NOTICE: Undefined index: cid/www/cmstop/Hdphp/Data/Data.php 第 74 行.
[ 2015-07-20T11:46:19+08:00 ]NOTICE: Undefined index: cid/www/cmstop/Hdphp/Data/Data.php 第 74 行.
[ 2015-07-20T11:46:19+08:00 ]NOTICE: Undefined index: cid/www/cmstop/Hdphp/Data/Data.php 第 74 行.
[ 2015-07-20T11:46:19+08:00 ]NOTICE: Undefined index: cid/www/cmstop/Hdphp/Data/Data.php 第 74 行.
[ 2015-07-20T11:46:19+08:00 ]NOTICE: Undefined index: cid/www/cmstop/Hdphp/Data/Data.php 第 74 行.
[ 2015-07-20T11:46:19+08:00 ]NOTICE: Undefined index: cid/www/cmstop/Hdphp/Data/Data.php 第 74 行.
[ 2015-07-20T11:46:19+08:00 ]NOTICE: Undefined variable: id/www/cmstop/app/Admin/Model/Category.php 第 66 行.
[ 2015-07-20T11:46:19+08:00 ]NOTICE: Undefined variable: id/www/cmstop/app/Admin/Model/Category.php 第 70 行.
[ 2015-07-20T11:46:19+08:00 ]NOTICE: Undefined index: cid/www/cmstop/Hdphp/Data/Data.php 第 74 行.
[ 2015-07-20T11:46:19+08:00 ]NOTICE: Undefined index: cid/www/cmstop/Hdphp/Data/Data.php 第 74 行.
[ 2015-07-20T11:46:19+08:00 ]NOTICE: Undefined index: cid/www/cmstop/Hdphp/Data/Data.php 第 74 行.
[ 2015-07-20T11:46:19+08:00 ]NOTICE: Undefined index: cid/www/cmstop/Hdphp/Data/Data.php 第 74 行.
[ 2015-07-20T11:46:19+08:00 ]NOTICE: Undefined index: cid/www/cmstop/Hdphp/Data/Data.php 第 74 行.
[ 2015-07-20T11:46:19+08:00 ]NOTICE: Undefined index: cid/www/cmstop/Hdphp/Data/Data.php 第 74 行.
[ 2015-07-20T11:46:19+08:00 ]NOTICE: Undefined index: cid/www/cmstop/Hdphp/Data/Data.php 第 74 行.
[ 2015-07-20T11:46:19+08:00 ]NOTICE: Undefined variable: id/www/cmstop/app/Admin/Model/Category.php 第 66 行.
[ 2015-07-20T11:46:19+08:00 ]NOTICE: Undefined variable: id/www/cmstop/app/Admin/Model/Category.php 第 70 行.
[ 2015-07-20T11:46:19+08:00 ]NOTICE: Undefined index: cid/www/cmstop/Hdphp/Data/Data.php 第 74 行.
[ 2015-07-20T11:46:19+08:00 ]NOTICE: Undefined index: cid/www/cmstop/Hdphp/Data/Data.php 第 74 行.
[ 2015-07-20T11:46:19+08:00 ]NOTICE: Undefined index: cid/www/cmstop/Hdphp/Data/Data.php 第 74 行.
[ 2015-07-20T11:46:19+08:00 ]NOTICE: Undefined index: cid/www/cmstop/Hdphp/Data/Data.php 第 74 行.
[ 2015-07-20T11:46:19+08:00 ]NOTICE: Undefined index: cid/www/cmstop/Hdphp/Data/Data.php 第 74 行.
[ 2015-07-20T11:46:19+08:00 ]NOTICE: Undefined index: cid/www/cmstop/Hdphp/Data/Data.php 第 74 行.
[ 2015-07-20T11:46:19+08:00 ]NOTICE: Undefined index: cid/www/cmstop/Hdphp/Data/Data.php 第 74 行.
[ 2015-07-20T11:46:19+08:00 ]NOTICE: Undefined variable: id/www/cmstop/app/Admin/Model/Category.php 第 66 行.
[ 2015-07-20T11:46:19+08:00 ]NOTICE: Undefined variable: id/www/cmstop/app/Admin/Model/Category.php 第 70 行.
[ 2015-07-20T11:46:19+08:00 ]NOTICE: Undefined index: cid/www/cmstop/Hdphp/Data/Data.php 第 74 行.
[ 2015-07-20T11:46:19+08:00 ]NOTICE: Undefined index: cid/www/cmstop/Hdphp/Data/Data.php 第 74 行.
[ 2015-07-20T11:46:19+08:00 ]NOTICE: Undefined index: cid/www/cmstop/Hdphp/Data/Data.php 第 74 行.
[ 2015-07-20T11:46:19+08:00 ]NOTICE: Undefined index: cid/www/cmstop/Hdphp/Data/Data.php 第 74 行.
[ 2015-07-20T11:46:19+08:00 ]NOTICE: Undefined index: cid/www/cmstop/Hdphp/Data/Data.php 第 74 行.
[ 2015-07-20T11:46:19+08:00 ]NOTICE: Undefined index: cid/www/cmstop/Hdphp/Data/Data.php 第 74 行.
[ 2015-07-20T11:46:19+08:00 ]NOTICE: Undefined index: cid/www/cmstop/Hdphp/Data/Data.php 第 74 行.
[ 2015-07-20T11:46:19+08:00 ]NOTICE: Undefined variable: id/www/cmstop/app/Admin/Model/Category.php 第 66 行.
[ 2015-07-20T11:46:19+08:00 ]NOTICE: Undefined variable: id/www/cmstop/app/Admin/Model/Category.php 第 70 行.
[ 2015-07-20T11:46:19+08:00 ]NOTICE: Undefined index: cid/www/cmstop/Hdphp/Data/Data.php 第 74 行.
[ 2015-07-20T11:46:19+08:00 ]NOTICE: Undefined index: cid/www/cmstop/Hdphp/Data/Data.php 第 74 行.
[ 2015-07-20T11:46:19+08:00 ]NOTICE: Undefined index: cid/www/cmstop/Hdphp/Data/Data.php 第 74 行.
[ 2015-07-20T11:46:19+08:00 ]NOTICE: Undefined index: cid/www/cmstop/Hdphp/Data/Data.php 第 74 行.
[ 2015-07-20T11:46:19+08:00 ]NOTICE: Undefined index: cid/www/cmstop/Hdphp/Data/Data.php 第 74 行.
[ 2015-07-20T11:46:19+08:00 ]NOTICE: Undefined index: cid/www/cmstop/Hdphp/Data/Data.php 第 74 行.
[ 2015-07-20T11:46:19+08:00 ]NOTICE: Undefined index: cid/www/cmstop/Hdphp/Data/Data.php 第 74 行.
[ 2015-07-20T11:46:28+08:00 ]NOTICE: Undefined index: cid/www/cmstop/Hdphp/Data/Data.php 第 74 行.
[ 2015-07-20T11:46:28+08:00 ]NOTICE: Undefined index: cid/www/cmstop/Hdphp/Data/Data.php 第 74 行.
[ 2015-07-20T11:46:28+08:00 ]NOTICE: Undefined index: cid/www/cmstop/Hdphp/Data/Data.php 第 74 行.
[ 2015-07-20T11:46:28+08:00 ]NOTICE: Undefined index: cid/www/cmstop/Hdphp/Data/Data.php 第 74 行.
[ 2015-07-20T11:46:28+08:00 ]NOTICE: Undefined index: cid/www/cmstop/Hdphp/Data/Data.php 第 74 行.
[ 2015-07-20T11:46:28+08:00 ]NOTICE: Undefined index: cid/www/cmstop/Hdphp/Data/Data.php 第 74 行.
[ 2015-07-20T11:46:28+08:00 ]NOTICE: Undefined index: cid/www/cmstop/Hdphp/Data/Data.php 第 74 行.
[ 2015-07-20T11:46:28+08:00 ]NOTICE: Undefined index: cid/www/cmstop/Hdphp/Data/Data.php 第 74 行.
[ 2015-07-20T11:46:28+08:00 ]NOTICE: Undefined index: cid/www/cmstop/Hdphp/Data/Data.php 第 74 行.
[ 2015-07-20T11:46:28+08:00 ]NOTICE: Undefined index: cid/www/cmstop/Hdphp/Data/Data.php 第 74 行.
[ 2015-07-20T11:46:28+08:00 ]NOTICE: Undefined index: cid/www/cmstop/Hdphp/Data/Data.php 第 74 行.
[ 2015-07-20T11:46:28+08:00 ]NOTICE: Undefined index: cid/www/cmstop/Hdphp/Data/Data.php 第 74 行.
[ 2015-07-20T11:46:28+08:00 ]NOTICE: Undefined index: cid/www/cmstop/Hdphp/Data/Data.php 第 74 行.
[ 2015-07-20T11:46:28+08:00 ]NOTICE: Undefined index: cid/www/cmstop/Hdphp/Data/Data.php 第 74 行.
[ 2015-07-20T11:46:28+08:00 ]NOTICE: Undefined index: cid/www/cmstop/Hdphp/Data/Data.php 第 62 行.
[ 2015-07-20T11:46:28+08:00 ]NOTICE: Undefined index: cid/www/cmstop/Hdphp/Data/Data.php 第 166 行.
[ 2015-07-20T11:46:28+08:00 ]NOTICE: Undefined index: cid/www/cmstop/Hdphp/Data/Data.php 第 74 行.
[ 2015-07-20T11:46:28+08:00 ]NOTICE: Undefined index: cid/www/cmstop/Hdphp/Data/Data.php 第 74 行.
[ 2015-07-20T11:46:28+08:00 ]NOTICE: Undefined index: cid/www/cmstop/Hdphp/Data/Data.php 第 74 行.
[ 2015-07-20T11:46:28+08:00 ]NOTICE: Undefined index: cid/www/cmstop/Hdphp/Data/Data.php 第 74 行.
[ 2015-07-20T11:46:28+08:00 ]NOTICE: Undefined index: cid/www/cmstop/Hdphp/Data/Data.php 第 74 行.
[ 2015-07-20T11:46:28+08:00 ]NOTICE: Undefined index: cid/www/cmstop/Hdphp/Data/Data.php 第 74 行.
[ 2015-07-20T11:46:28+08:00 ]NOTICE: Undefined index: cid/www/cmstop/Hdphp/Data/Data.php 第 74 行.
[ 2015-07-20T11:46:28+08:00 ]NOTICE: Undefined index: cid/www/cmstop/Hdphp/Data/Data.php 第 74 行.
[ 2015-07-20T11:46:28+08:00 ]NOTICE: Undefined index: cid/www/cmstop/Hdphp/Data/Data.php 第 74 行.
[ 2015-07-20T11:46:28+08:00 ]NOTICE: Undefined index: cid/www/cmstop/Hdphp/Data/Data.php 第 74 行.
[ 2015-07-20T11:46:28+08:00 ]NOTICE: Undefined index: cid/www/cmstop/Hdphp/Data/Data.php 第 74 行.
[ 2015-07-20T11:46:28+08:00 ]NOTICE: Undefined index: cid/www/cmstop/Hdphp/Data/Data.php 第 74 行.
[ 2015-07-20T11:46:28+08:00 ]NOTICE: Undefined index: cid/www/cmstop/Hdphp/Data/Data.php 第 74 行.
[ 2015-07-20T11:46:28+08:00 ]NOTICE: Undefined index: cid/www/cmstop/Hdphp/Data/Data.php 第 74 行.
[ 2015-07-20T11:46:28+08:00 ]NOTICE: Undefined index: cid/www/cmstop/Hdphp/Data/Data.php 第 62 行.
[ 2015-07-20T11:46:28+08:00 ]NOTICE: Undefined index: cid/www/cmstop/Hdphp/Data/Data.php 第 166 行.
[ 2015-07-20T11:46:28+08:00 ]NOTICE: Undefined index: cid/www/cmstop/Hdphp/Data/Data.php 第 74 行.
[ 2015-07-20T11:46:28+08:00 ]NOTICE: Undefined index: cid/www/cmstop/Hdphp/Data/Data.php 第 74 行.
[ 2015-07-20T11:46:28+08:00 ]NOTICE: Undefined index: cid/www/cmstop/Hdphp/Data/Data.php 第 74 行.
[ 2015-07-20T11:46:28+08:00 ]NOTICE: Undefined index: cid/www/cmstop/Hdphp/Data/Data.php 第 74 行.
[ 2015-07-20T11:46:28+08:00 ]NOTICE: Undefined index: cid/www/cmstop/Hdphp/Data/Data.php 第 74 行.
[ 2015-07-20T11:46:28+08:00 ]NOTICE: Undefined index: cid/www/cmstop/Hdphp/Data/Data.php 第 74 行.
[ 2015-07-20T11:46:28+08:00 ]NOTICE: Undefined index: cid/www/cmstop/Hdphp/Data/Data.php 第 74 行.
[ 2015-07-20T11:46:28+08:00 ]NOTICE: Undefined index: cid/www/cmstop/Hdphp/Data/Data.php 第 74 行.
[ 2015-07-20T11:46:28+08:00 ]NOTICE: Undefined index: cid/www/cmstop/Hdphp/Data/Data.php 第 74 行.
[ 2015-07-20T11:46:28+08:00 ]NOTICE: Undefined index: cid/www/cmstop/Hdphp/Data/Data.php 第 74 行.
[ 2015-07-20T11:46:28+08:00 ]NOTICE: Undefined index: cid/www/cmstop/Hdphp/Data/Data.php 第 74 行.
[ 2015-07-20T11:46:28+08:00 ]NOTICE: Undefined index: cid/www/cmstop/Hdphp/Data/Data.php 第 74 行.
[ 2015-07-20T11:46:28+08:00 ]NOTICE: Undefined index: cid/www/cmstop/Hdphp/Data/Data.php 第 74 行.
[ 2015-07-20T11:46:28+08:00 ]NOTICE: Undefined index: cid/www/cmstop/Hdphp/Data/Data.php 第 74 行.
[ 2015-07-20T11:46:28+08:00 ]NOTICE: Undefined index: cid/www/cmstop/Hdphp/Data/Data.php 第 62 行.
[ 2015-07-20T11:46:28+08:00 ]NOTICE: Undefined index: cid/www/cmstop/Hdphp/Data/Data.php 第 166 行.
[ 2015-07-20T11:46:28+08:00 ]NOTICE: Undefined index: cid/www/cmstop/Hdphp/Data/Data.php 第 74 行.
[ 2015-07-20T11:46:28+08:00 ]NOTICE: Undefined index: cid/www/cmstop/Hdphp/Data/Data.php 第 74 行.
[ 2015-07-20T11:46:28+08:00 ]NOTICE: Undefined index: cid/www/cmstop/Hdphp/Data/Data.php 第 74 行.
[ 2015-07-20T11:46:28+08:00 ]NOTICE: Undefined index: cid/www/cmstop/Hdphp/Data/Data.php 第 74 行.
[ 2015-07-20T11:46:28+08:00 ]NOTICE: Undefined index: cid/www/cmstop/Hdphp/Data/Data.php 第 74 行.
[ 2015-07-20T11:46:28+08:00 ]NOTICE: Undefined index: cid/www/cmstop/Hdphp/Data/Data.php 第 74 行.
[ 2015-07-20T11:46:28+08:00 ]NOTICE: Undefined index: cid/www/cmstop/Hdphp/Data/Data.php 第 74 行.
[ 2015-07-20T11:46:28+08:00 ]NOTICE: Undefined index: cid/www/cmstop/Hdphp/Data/Data.php 第 74 行.
[ 2015-07-20T11:46:28+08:00 ]NOTICE: Undefined index: cid/www/cmstop/Hdphp/Data/Data.php 第 74 行.
[ 2015-07-20T11:46:28+08:00 ]NOTICE: Undefined index: cid/www/cmstop/Hdphp/Data/Data.php 第 74 行.
[ 2015-07-20T11:46:28+08:00 ]NOTICE: Undefined index: cid/www/cmstop/Hdphp/Data/Data.php 第 74 行.
[ 2015-07-20T11:46:28+08:00 ]NOTICE: Undefined index: cid/www/cmstop/Hdphp/Data/Data.php 第 74 行.
[ 2015-07-20T11:46:28+08:00 ]NOTICE: Undefined index: cid/www/cmstop/Hdphp/Data/Data.php 第 74 行.
[ 2015-07-20T11:46:28+08:00 ]NOTICE: Undefined index: cid/www/cmstop/Hdphp/Data/Data.php 第 74 行.
[ 2015-07-20T11:46:28+08:00 ]NOTICE: Undefined index: cid/www/cmstop/Hdphp/Data/Data.php 第 62 行.
[ 2015-07-20T11:46:28+08:00 ]NOTICE: Undefined index: cid/www/cmstop/Hdphp/Data/Data.php 第 166 行.
[ 2015-07-20T11:46:28+08:00 ]NOTICE: Undefined index: cid/www/cmstop/Hdphp/Data/Data.php 第 74 行.
[ 2015-07-20T11:46:28+08:00 ]NOTICE: Undefined index: cid/www/cmstop/Hdphp/Data/Data.php 第 74 行.
[ 2015-07-20T11:46:28+08:00 ]NOTICE: Undefined index: cid/www/cmstop/Hdphp/Data/Data.php 第 74 行.
[ 2015-07-20T11:46:28+08:00 ]NOTICE: Undefined index: cid/www/cmstop/Hdphp/Data/Data.php 第 74 行.
[ 2015-07-20T11:46:28+08:00 ]NOTICE: Undefined index: cid/www/cmstop/Hdphp/Data/Data.php 第 74 行.
[ 2015-07-20T11:46:28+08:00 ]NOTICE: Undefined index: cid/www/cmstop/Hdphp/Data/Data.php 第 74 行.
[ 2015-07-20T11:46:28+08:00 ]NOTICE: Undefined index: cid/www/cmstop/Hdphp/Data/Data.php 第 74 行.
[ 2015-07-20T11:46:28+08:00 ]NOTICE: Undefined index: cid/www/cmstop/Hdphp/Data/Data.php 第 74 行.
[ 2015-07-20T11:46:28+08:00 ]NOTICE: Undefined index: cid/www/cmstop/Hdphp/Data/Data.php 第 74 行.
[ 2015-07-20T11:46:28+08:00 ]NOTICE: Undefined index: cid/www/cmstop/Hdphp/Data/Data.php 第 74 行.
[ 2015-07-20T11:46:28+08:00 ]NOTICE: Undefined index: cid/www/cmstop/Hdphp/Data/Data.php 第 74 行.
[ 2015-07-20T11:46:28+08:00 ]NOTICE: Undefined index: cid/www/cmstop/Hdphp/Data/Data.php 第 74 行.
[ 2015-07-20T11:46:28+08:00 ]NOTICE: Undefined index: cid/www/cmstop/Hdphp/Data/Data.php 第 74 行.
[ 2015-07-20T11:46:28+08:00 ]NOTICE: Undefined index: cid/www/cmstop/Hdphp/Data/Data.php 第 74 行.
[ 2015-07-20T11:46:28+08:00 ]NOTICE: Undefined index: cid/www/cmstop/Hdphp/Data/Data.php 第 62 行.
[ 2015-07-20T11:46:28+08:00 ]NOTICE: Undefined index: cid/www/cmstop/Hdphp/Data/Data.php 第 166 行.
[ 2015-07-20T11:46:28+08:00 ]NOTICE: Undefined index: cid/www/cmstop/Hdphp/Data/Data.php 第 74 行.
[ 2015-07-20T11:46:28+08:00 ]NOTICE: Undefined index: cid/www/cmstop/Hdphp/Data/Data.php 第 74 行.
[ 2015-07-20T11:46:28+08:00 ]NOTICE: Undefined index: cid/www/cmstop/Hdphp/Data/Data.php 第 74 行.
[ 2015-07-20T11:46:28+08:00 ]NOTICE: Undefined index: cid/www/cmstop/Hdphp/Data/Data.php 第 74 行.
[ 2015-07-20T11:46:28+08:00 ]NOTICE: Undefined index: cid/www/cmstop/Hdphp/Data/Data.php 第 74 行.
[ 2015-07-20T11:46:28+08:00 ]NOTICE: Undefined index: cid/www/cmstop/Hdphp/Data/Data.php 第 74 行.
[ 2015-07-20T11:46:28+08:00 ]NOTICE: Undefined index: cid/www/cmstop/Hdphp/Data/Data.php 第 74 行.
[ 2015-07-20T11:46:28+08:00 ]NOTICE: Undefined index: cid/www/cmstop/Hdphp/Data/Data.php 第 74 行.
[ 2015-07-20T11:46:28+08:00 ]NOTICE: Undefined index: cid/www/cmstop/Hdphp/Data/Data.php 第 74 行.
[ 2015-07-20T11:46:28+08:00 ]NOTICE: Undefined index: cid/www/cmstop/Hdphp/Data/Data.php 第 74 行.
[ 2015-07-20T11:46:28+08:00 ]NOTICE: Undefined index: cid/www/cmstop/Hdphp/Data/Data.php 第 74 行.
[ 2015-07-20T11:46:28+08:00 ]NOTICE: Undefined index: cid/www/cmstop/Hdphp/Data/Data.php 第 74 行.
[ 2015-07-20T11:46:28+08:00 ]NOTICE: Undefined index: cid/www/cmstop/Hdphp/Data/Data.php 第 74 行.
[ 2015-07-20T11:46:28+08:00 ]NOTICE: Undefined index: cid/www/cmstop/Hdphp/Data/Data.php 第 74 行.
[ 2015-07-20T11:46:28+08:00 ]NOTICE: Undefined index: cid/www/cmstop/Hdphp/Data/Data.php 第 62 行.
[ 2015-07-20T11:46:28+08:00 ]NOTICE: Undefined index: cid/www/cmstop/Hdphp/Data/Data.php 第 166 行.
[ 2015-07-20T11:46:28+08:00 ]NOTICE: Undefined index: cid/www/cmstop/Hdphp/Data/Data.php 第 74 行.
[ 2015-07-20T11:46:28+08:00 ]NOTICE: Undefined index: cid/www/cmstop/Hdphp/Data/Data.php 第 74 行.
[ 2015-07-20T11:46:28+08:00 ]NOTICE: Undefined index: cid/www/cmstop/Hdphp/Data/Data.php 第 74 行.
[ 2015-07-20T11:46:28+08:00 ]NOTICE: Undefined index: cid/www/cmstop/Hdphp/Data/Data.php 第 74 行.
[ 2015-07-20T11:46:28+08:00 ]NOTICE: Undefined index: cid/www/cmstop/Hdphp/Data/Data.php 第 74 行.
[ 2015-07-20T11:46:28+08:00 ]NOTICE: Undefined index: cid/www/cmstop/Hdphp/Data/Data.php 第 74 行.
[ 2015-07-20T11:46:28+08:00 ]NOTICE: Undefined index: cid/www/cmstop/Hdphp/Data/Data.php 第 74 行.
[ 2015-07-20T11:46:28+08:00 ]NOTICE: Undefined index: cid/www/cmstop/Hdphp/Data/Data.php 第 74 行.
[ 2015-07-20T11:46:28+08:00 ]NOTICE: Undefined index: cid/www/cmstop/Hdphp/Data/Data.php 第 74 行.
[ 2015-07-20T11:46:28+08:00 ]NOTICE: Undefined index: cid/www/cmstop/Hdphp/Data/Data.php 第 74 行.
[ 2015-07-20T11:46:28+08:00 ]NOTICE: Undefined index: cid/www/cmstop/Hdphp/Data/Data.php 第 74 行.
[ 2015-07-20T11:46:28+08:00 ]NOTICE: Undefined index: cid/www/cmstop/Hdphp/Data/Data.php 第 74 行.
[ 2015-07-20T11:46:28+08:00 ]NOTICE: Undefined index: cid/www/cmstop/Hdphp/Data/Data.php 第 74 行.
[ 2015-07-20T11:46:28+08:00 ]NOTICE: Undefined index: cid/www/cmstop/Hdphp/Data/Data.php 第 74 行.
[ 2015-07-20T11:46:28+08:00 ]NOTICE: Undefined index: cid/www/cmstop/Hdphp/Data/Data.php 第 62 行.
[ 2015-07-20T11:46:28+08:00 ]NOTICE: Undefined index: cid/www/cmstop/Hdphp/Data/Data.php 第 166 行.
[ 2015-07-20T12:03:53+08:00 ]EXCEPTION: Method Home\Controller\IndexController::index() does not exist
[ 2015-07-20T12:13:01+08:00 ]EXCEPTION: Method Home\Controller\IndexController::index() does not exist
[ 2015-07-20T16:06:46+08:00 ]EXCEPTION: SQLSTATE[HY000] [1045] Access denied for user 'root'@'localhost' (using password: YES)
[ 2015-07-20T16:06:47+08:00 ]EXCEPTION: SQLSTATE[HY000] [1045] Access denied for user 'root'@'localhost' (using password: YES)
[ 2015-07-20T16:35:30+08:00 ]NOTICE: Array to string conversionE:\wamp\www\self_cms\storage\view\compile\d299e06c6e9fc48f72df22f23e1e4474.php 第 13 行.
[ 2015-07-20T16:38:21+08:00 ]NOTICE: Use of undefined constant server - assumed 'server'E:\wamp\www\self_cms\storage\view\compile\d299e06c6e9fc48f72df22f23e1e4474.php 第 13 行.
[ 2015-07-20T16:38:21+08:00 ]NOTICE: Undefined variable: smartyE:\wamp\www\self_cms\storage\view\compile\d299e06c6e9fc48f72df22f23e1e4474.php 第 13 行.
[ 2015-07-20T16:38:21+08:00 ]NOTICE: Use of undefined constant PHP_SELF - assumed 'PHP_SELF'E:\wamp\www\self_cms\storage\view\compile\d299e06c6e9fc48f72df22f23e1e4474.php 第 13 行.
[ 2015-07-20T16:38:29+08:00 ]NOTICE: Use of undefined constant server - assumed 'server'E:\wamp\www\self_cms\storage\view\compile\d299e06c6e9fc48f72df22f23e1e4474.php 第 13 行.
[ 2015-07-20T16:38:29+08:00 ]NOTICE: Undefined variable: smartyE:\wamp\www\self_cms\storage\view\compile\d299e06c6e9fc48f72df22f23e1e4474.php 第 13 行.
[ 2015-07-20T16:40:22+08:00 ]NOTICE: Use of undefined constant server - assumed 'server'E:\wamp\www\self_cms\storage\view\compile\d299e06c6e9fc48f72df22f23e1e4474.php 第 13 行.
[ 2015-07-20T16:40:22+08:00 ]NOTICE: Undefined variable: smartyE:\wamp\www\self_cms\storage\view\compile\d299e06c6e9fc48f72df22f23e1e4474.php 第 13 行.
[ 2015-07-20T16:40:22+08:00 ]NOTICE: Array to string conversionE:\wamp\www\self_cms\storage\view\compile\d299e06c6e9fc48f72df22f23e1e4474.php 第 15 行.
[ 2015-07-20T16:40:32+08:00 ]NOTICE: Use of undefined constant server - assumed 'server'E:\wamp\www\self_cms\storage\view\compile\d299e06c6e9fc48f72df22f23e1e4474.php 第 13 行.
[ 2015-07-20T16:40:32+08:00 ]NOTICE: Undefined variable: smartyE:\wamp\www\self_cms\storage\view\compile\d299e06c6e9fc48f72df22f23e1e4474.php 第 13 行.
[ 2015-07-20T16:40:32+08:00 ]NOTICE: Array to string conversionE:\wamp\www\self_cms\storage\view\compile\d299e06c6e9fc48f72df22f23e1e4474.php 第 15 行.
[ 2015-07-20T16:40:44+08:00 ]NOTICE: Array to string conversionE:\wamp\www\self_cms\storage\view\compile\d299e06c6e9fc48f72df22f23e1e4474.php 第 14 行.
[ 2015-07-20T16:56:08+08:00 ]NOTICE: Array to string conversionE:\wamp\www\self_cms\storage\view\compile\d299e06c6e9fc48f72df22f23e1e4474.php 第 14 行.
[ 2015-07-20T17:53:40+08:00 ]NOTICE: Undefined index: idE:\wamp\www\self_cms\Hdphp\Data\Data.php 第 74 行.
[ 2015-07-20T17:53:40+08:00 ]NOTICE: Undefined index: idE:\wamp\www\self_cms\Hdphp\Data\Data.php 第 74 行.
[ 2015-07-20T17:53:40+08:00 ]NOTICE: Undefined index: idE:\wamp\www\self_cms\Hdphp\Data\Data.php 第 74 行.
[ 2015-07-20T17:53:40+08:00 ]NOTICE: Undefined index: idE:\wamp\www\self_cms\Hdphp\Data\Data.php 第 74 行.
[ 2015-07-20T17:53:40+08:00 ]NOTICE: Undefined index: idE:\wamp\www\self_cms\Hdphp\Data\Data.php 第 74 行.
[ 2015-07-20T17:53:40+08:00 ]NOTICE: Undefined index: idE:\wamp\www\self_cms\Hdphp\Data\Data.php 第 74 行.
[ 2015-07-20T17:53:40+08:00 ]NOTICE: Undefined index: idE:\wamp\www\self_cms\Hdphp\Data\Data.php 第 74 行.
[ 2015-07-20T17:53:40+08:00 ]NOTICE: Undefined index: idE:\wamp\www\self_cms\Hdphp\Data\Data.php 第 74 行.
[ 2015-07-20T17:53:40+08:00 ]NOTICE: Undefined index: idE:\wamp\www\self_cms\Hdphp\Data\Data.php 第 74 行.
[ 2015-07-20T17:53:40+08:00 ]NOTICE: Undefined index: idE:\wamp\www\self_cms\Hdphp\Data\Data.php 第 74 行.
[ 2015-07-20T17:53:40+08:00 ]NOTICE: Undefined index: idE:\wamp\www\self_cms\Hdphp\Data\Data.php 第 74 行.
[ 2015-07-20T17:53:40+08:00 ]NOTICE: Undefined index: idE:\wamp\www\self_cms\Hdphp\Data\Data.php 第 74 行.
[ 2015-07-20T17:53:40+08:00 ]NOTICE: Undefined index: idE:\wamp\www\self_cms\Hdphp\Data\Data.php 第 74 行.
[ 2015-07-20T17:53:40+08:00 ]NOTICE: Undefined index: idE:\wamp\www\self_cms\Hdphp\Data\Data.php 第 74 行.
[ 2015-07-20T17:53:40+08:00 ]NOTICE: Undefined index: idE:\wamp\www\self_cms\Hdphp\Data\Data.php 第 74 行.
[ 2015-07-20T17:53:40+08:00 ]NOTICE: Undefined index: idE:\wamp\www\self_cms\Hdphp\Data\Data.php 第 74 行.
[ 2015-07-20T17:53:40+08:00 ]NOTICE: Undefined index: idE:\wamp\www\self_cms\Hdphp\Data\Data.php 第 62 行.
[ 2015-07-20T17:53:40+08:00 ]NOTICE: Undefined index: idE:\wamp\www\self_cms\Hdphp\Data\Data.php 第 62 行.
[ 2015-07-20T17:53:40+08:00 ]NOTICE: Undefined index: idE:\wamp\www\self_cms\Hdphp\Data\Data.php 第 62 行.
[ 2015-07-20T17:53:40+08:00 ]NOTICE: Undefined index: catnameE:\wamp\www\self_cms\Hdphp\Data\Data.php 第 114 行.
[ 2015-07-20T17:53:40+08:00 ]NOTICE: Undefined index: idE:\wamp\www\self_cms\Hdphp\Data\Data.php 第 120 行.
[ 2015-07-20T17:53:40+08:00 ]NOTICE: Undefined index: idE:\wamp\www\self_cms\storage\view\compile\d744bc54ed703a89e57815d4d169a518.php 第 34 行.
[ 2015-07-20T17:53:40+08:00 ]NOTICE: Undefined index: idE:\wamp\www\self_cms\storage\view\compile\d744bc54ed703a89e57815d4d169a518.php 第 39 行.
[ 2015-07-20T17:53:40+08:00 ]NOTICE: Undefined index: idE:\wamp\www\self_cms\storage\view\compile\d744bc54ed703a89e57815d4d169a518.php 第 40 行.
[ 2015-07-20T17:53:40+08:00 ]NOTICE: Undefined index: idE:\wamp\www\self_cms\storage\view\compile\d744bc54ed703a89e57815d4d169a518.php 第 41 行.
[ 2015-07-20T17:53:40+08:00 ]NOTICE: Undefined index: idE:\wamp\www\self_cms\Hdphp\Data\Data.php 第 74 行.
[ 2015-07-20T17:53:40+08:00 ]NOTICE: Undefined index: idE:\wamp\www\self_cms\Hdphp\Data\Data.php 第 74 行.
[ 2015-07-20T17:53:40+08:00 ]NOTICE: Undefined index: idE:\wamp\www\self_cms\Hdphp\Data\Data.php 第 74 行.
[ 2015-07-20T17:53:40+08:00 ]NOTICE: Undefined index: idE:\wamp\www\self_cms\Hdphp\Data\Data.php 第 74 行.
[ 2015-07-20T17:53:40+08:00 ]NOTICE: Undefined index: idE:\wamp\www\self_cms\Hdphp\Data\Data.php 第 74 行.
[ 2015-07-20T17:53:40+08:00 ]NOTICE: Undefined index: idE:\wamp\www\self_cms\Hdphp\Data\Data.php 第 74 行.
[ 2015-07-20T17:53:40+08:00 ]NOTICE: Undefined index: idE:\wamp\www\self_cms\Hdphp\Data\Data.php 第 74 行.
[ 2015-07-20T17:53:40+08:00 ]NOTICE: Undefined index: idE:\wamp\www\self_cms\Hdphp\Data\Data.php 第 74 行.
[ 2015-07-20T17:53:40+08:00 ]NOTICE: Undefined index: idE:\wamp\www\self_cms\Hdphp\Data\Data.php 第 74 行.
[ 2015-07-20T17:53:40+08:00 ]NOTICE: Undefined index: idE:\wamp\www\self_cms\Hdphp\Data\Data.php 第 74 行.
[ 2015-07-20T17:53:40+08:00 ]NOTICE: Undefined index: idE:\wamp\www\self_cms\Hdphp\Data\Data.php 第 74 行.
[ 2015-07-20T17:53:40+08:00 ]NOTICE: Undefined index: idE:\wamp\www\self_cms\Hdphp\Data\Data.php 第 74 行.
[ 2015-07-20T17:53:40+08:00 ]NOTICE: Undefined index: idE:\wamp\www\self_cms\Hdphp\Data\Data.php 第 74 行.
[ 2015-07-20T17:53:40+08:00 ]NOTICE: Undefined index: idE:\wamp\www\self_cms\Hdphp\Data\Data.php 第 74 行.
[ 2015-07-20T17:53:40+08:00 ]NOTICE: Undefined index: idE:\wamp\www\self_cms\Hdphp\Data\Data.php 第 74 行.
[ 2015-07-20T17:53:40+08:00 ]NOTICE: Undefined index: idE:\wamp\www\self_cms\Hdphp\Data\Data.php 第 74 行.
[ 2015-07-20T17:53:40+08:00 ]NOTICE: Undefined index: idE:\wamp\www\self_cms\Hdphp\Data\Data.php 第 62 行.
[ 2015-07-20T17:53:40+08:00 ]NOTICE: Undefined index: idE:\wamp\www\self_cms\Hdphp\Data\Data.php 第 62 行.
[ 2015-07-20T17:53:40+08:00 ]NOTICE: Undefined index: idE:\wamp\www\self_cms\Hdphp\Data\Data.php 第 62 行.
[ 2015-07-20T17:53:40+08:00 ]NOTICE: Undefined index: catnameE:\wamp\www\self_cms\Hdphp\Data\Data.php 第 114 行.
[ 2015-07-20T17:53:40+08:00 ]NOTICE: Undefined index: idE:\wamp\www\self_cms\Hdphp\Data\Data.php 第 120 行.
[ 2015-07-20T17:53:40+08:00 ]NOTICE: Undefined index: idE:\wamp\www\self_cms\storage\view\compile\d744bc54ed703a89e57815d4d169a518.php 第 34 行.
[ 2015-07-20T17:53:40+08:00 ]NOTICE: Undefined index: idE:\wamp\www\self_cms\storage\view\compile\d744bc54ed703a89e57815d4d169a518.php 第 39 行.
[ 2015-07-20T17:53:40+08:00 ]NOTICE: Undefined index: idE:\wamp\www\self_cms\storage\view\compile\d744bc54ed703a89e57815d4d169a518.php 第 40 行.
[ 2015-07-20T17:53:40+08:00 ]NOTICE: Undefined index: idE:\wamp\www\self_cms\storage\view\compile\d744bc54ed703a89e57815d4d169a518.php 第 41 行.
[ 2015-07-20T12:01:44+02:00 ]NOTICE: session_start(): Cannot send session cookie - headers already sent by (output started at E:\wamp\www\self_cms\Hdphp\Kernel\Boot.php:34)E:\wamp\www\self_cms\Hdphp\Session\File.php 第 16 行.
[ 2015-07-20T12:01:44+02:00 ]NOTICE: session_start(): Cannot send session cache limiter - headers already sent (output started at E:\wamp\www\self_cms\Hdphp\Kernel\Boot.php:34)E:\wamp\www\self_cms\Hdphp\Session\File.php 第 16 行.
[ 2015-07-20T12:01:44+02:00 ]NOTICE: Cannot modify header information - headers already sent by (output started at E:\wamp\www\self_cms\Hdphp\Kernel\Boot.php:34)E:\wamp\www\self_cms\Hdphp\Kernel\Kernel.php 第 11 行.
[ 2015-07-20T18:01:44+08:00 ]NOTICE: Undefined index: REQUEST_URIE:\wamp\www\self_cms\Hdphp\Route\Route.php 第 52 行.
[ 2015-07-20T18:01:44+08:00 ]NOTICE: Undefined index: HTTP_HOSTE:\wamp\www\self_cms\Hdphp\Kernel\Kernel.php 第 60 行.
[ 2015-07-20T18:01:44+08:00 ]NOTICE: Undefined index: REQUEST_URIE:\wamp\www\self_cms\Hdphp\View\View.php 第 32 行.
[ 2015-07-20T21:28:23+08:00 ]EXCEPTION: 模板不存在:app\Sadmin/View/Index//app/Sadmin/View/style/base.css.php
[ 2015-07-20T21:32:22+08:00 ]EXCEPTION: 模板不存在:app\Sadmin/View/Index//app/Sadmin/View/style/base.css.php
[ 2015-07-20T22:32:42+08:00 ]EXCEPTION: Sadmin\Controller\SadminController 不存在
[ 2015-07-20T22:32:43+08:00 ]EXCEPTION: Sadmin\Controller\SadminController 不存在
[ 2015-07-20T22:33:37+08:00 ]EXCEPTION: Sadmin\Controller\SadminController 不存在
[ 2015-07-20T22:33:46+08:00 ]EXCEPTION: Sadmin\Controller\SadminController 不存在
[ 2015-07-20T22:33:46+08:00 ]EXCEPTION: Sadmin\Controller\SadminController 不存在
[ 2015-07-20T22:33:50+08:00 ]EXCEPTION: Sadmin\Controller\SadminController 不存在
[ 2015-07-20T22:33:51+08:00 ]EXCEPTION: Sadmin\Controller\SadminController 不存在
[ 2015-07-20T22:34:45+08:00 ]EXCEPTION: Sadmin\Controller\SadminController 不存在
[ 2015-07-20T22:34:46+08:00 ]EXCEPTION: Sadmin\Controller\SadminController 不存在
[ 2015-07-20T22:39:16+08:00 ]EXCEPTION: 模板不存在:app\Sadmin/View/Category/index.php
[ 2015-07-20T22:39:16+08:00 ]EXCEPTION: 模板不存在:app\Sadmin/View/Category/index.php
[ 2015-07-20T22:39:18+08:00 ]EXCEPTION: 模板不存在:app\Sadmin/View/Category/index.php
[ 2015-07-20T22:39:19+08:00 ]EXCEPTION: 模板不存在:app\Sadmin/View/Category/index.php
[ 2015-07-20T22:39:34+08:00 ]EXCEPTION: 模板不存在:app\Sadmin/View/Category/index.php
[ 2015-07-20T22:39:34+08:00 ]EXCEPTION: 模板不存在:app\Sadmin/View/Category/index.php
[ 2015-07-20T22:40:33+08:00 ]EXCEPTION: 模板不存在:app\Sadmin/View/Category/index.php
[ 2015-07-20T22:40:33+08:00 ]EXCEPTION: 模板不存在:app\Sadmin/View/Category/index.php
[ 2015-07-20T22:40:48+08:00 ]EXCEPTION: 模板不存在:app\Sadmin/View/Category/index.php
[ 2015-07-20T22:40:48+08:00 ]EXCEPTION: 模板不存在:app\Sadmin/View/Category/index.php
[ 2015-07-20T22:41:39+08:00 ]EXCEPTION: 模板不存在:app\Sadmin/View/Category/index.php
[ 2015-07-20T22:41:39+08:00 ]EXCEPTION: 模板不存在:app\Sadmin/View/Category/index.php
[ 2015-07-20T16:46:17+02:00 ]NOTICE: session_start(): Cannot send session cookie - headers already sent by (output started at E:\wamp\www\self_cms\Hdphp\Kernel\Boot.php:34)E:\wamp\www\self_cms\Hdphp\Session\File.php 第 16 行.
[ 2015-07-20T16:46:17+02:00 ]NOTICE: session_start(): Cannot send session cache limiter - headers already sent (output started at E:\wamp\www\self_cms\Hdphp\Kernel\Boot.php:34)E:\wamp\www\self_cms\Hdphp\Session\File.php 第 16 行.
[ 2015-07-20T16:46:17+02:00 ]NOTICE: Cannot modify header information - headers already sent by (output started at E:\wamp\www\self_cms\Hdphp\Kernel\Boot.php:34)E:\wamp\www\self_cms\Hdphp\Kernel\Kernel.php 第 11 行.
[ 2015-07-20T22:46:17+08:00 ]NOTICE: Undefined index: REQUEST_URIE:\wamp\www\self_cms\Hdphp\Route\Route.php 第 52 行.
[ 2015-07-20T22:46:17+08:00 ]NOTICE: Undefined index: HTTP_HOSTE:\wamp\www\self_cms\Hdphp\Kernel\Kernel.php 第 60 行.
[ 2015-07-20T22:46:17+08:00 ]NOTICE: Undefined index: REQUEST_URIE:\wamp\www\self_cms\Hdphp\View\View.php 第 32 行.
[ 2015-07-20T23:05:12+08:00 ]NOTICE: Use of undefined constant catname - assumed 'catname'E:\wamp\www\self_cms\storage\view\compile\e4be96afafae5e71571939f20ed04734.php 第 25 行.
[ 2015-07-20T23:05:12+08:00 ]NOTICE: Array to string conversionE:\wamp\www\self_cms\storage\view\compile\e4be96afafae5e71571939f20ed04734.php 第 25 行.
[ 2015-07-20T23:05:12+08:00 ]NOTICE: Use of undefined constant catkeyword - assumed 'catkeyword'E:\wamp\www\self_cms\storage\view\compile\e4be96afafae5e71571939f20ed04734.php 第 26 行.
[ 2015-07-20T23:05:12+08:00 ]NOTICE: Array to string conversionE:\wamp\www\self_cms\storage\view\compile\e4be96afafae5e71571939f20ed04734.php 第 26 行.
[ 2015-07-20T23:05:12+08:00 ]NOTICE: Use of undefined constant catdesc - assumed 'catdesc'E:\wamp\www\self_cms\storage\view\compile\e4be96afafae5e71571939f20ed04734.php 第 27 行.
[ 2015-07-20T23:05:12+08:00 ]NOTICE: Array to string conversionE:\wamp\www\self_cms\storage\view\compile\e4be96afafae5e71571939f20ed04734.php 第 27 行.
[ 2015-07-20T23:05:12+08:00 ]NOTICE: Use of undefined constant catname - assumed 'catname'E:\wamp\www\self_cms\storage\view\compile\e4be96afafae5e71571939f20ed04734.php 第 25 行.
[ 2015-07-20T23:05:12+08:00 ]NOTICE: Array to string conversionE:\wamp\www\self_cms\storage\view\compile\e4be96afafae5e71571939f20ed04734.php 第 25 行.
[ 2015-07-20T23:05:12+08:00 ]NOTICE: Use of undefined constant catkeyword - assumed 'catkeyword'E:\wamp\www\self_cms\storage\view\compile\e4be96afafae5e71571939f20ed04734.php 第 26 行.
[ 2015-07-20T23:05:12+08:00 ]NOTICE: Array to string conversionE:\wamp\www\self_cms\storage\view\compile\e4be96afafae5e71571939f20ed04734.php 第 26 行.
[ 2015-07-20T23:05:12+08:00 ]NOTICE: Use of undefined constant catdesc - assumed 'catdesc'E:\wamp\www\self_cms\storage\view\compile\e4be96afafae5e71571939f20ed04734.php 第 27 行.
[ 2015-07-20T23:05:12+08:00 ]NOTICE: Array to string conversionE:\wamp\www\self_cms\storage\view\compile\e4be96afafae5e71571939f20ed04734.php 第 27 行.
[ 2015-07-20T23:05:12+08:00 ]NOTICE: Use of undefined constant catname - assumed 'catname'E:\wamp\www\self_cms\storage\view\compile\e4be96afafae5e71571939f20ed04734.php 第 25 行.
[ 2015-07-20T23:05:12+08:00 ]NOTICE: Array to string conversionE:\wamp\www\self_cms\storage\view\compile\e4be96afafae5e71571939f20ed04734.php 第 25 行.
[ 2015-07-20T23:05:12+08:00 ]NOTICE: Use of undefined constant catkeyword - assumed 'catkeyword'E:\wamp\www\self_cms\storage\view\compile\e4be96afafae5e71571939f20ed04734.php 第 26 行.
[ 2015-07-20T23:05:12+08:00 ]NOTICE: Array to string conversionE:\wamp\www\self_cms\storage\view\compile\e4be96afafae5e71571939f20ed04734.php 第 26 行.
[ 2015-07-20T23:05:12+08:00 ]NOTICE: Use of undefined constant catdesc - assumed 'catdesc'E:\wamp\www\self_cms\storage\view\compile\e4be96afafae5e71571939f20ed04734.php 第 27 行.
[ 2015-07-20T23:05:12+08:00 ]NOTICE: Array to string conversionE:\wamp\www\self_cms\storage\view\compile\e4be96afafae5e71571939f20ed04734.php 第 27 行.
[ 2015-07-20T23:05:12+08:00 ]NOTICE: Use of undefined constant catname - assumed 'catname'E:\wamp\www\self_cms\storage\view\compile\e4be96afafae5e71571939f20ed04734.php 第 25 行.
[ 2015-07-20T23:05:12+08:00 ]NOTICE: Array to string conversionE:\wamp\www\self_cms\storage\view\compile\e4be96afafae5e71571939f20ed04734.php 第 25 行.
[ 2015-07-20T23:05:12+08:00 ]NOTICE: Use of undefined constant catkeyword - assumed 'catkeyword'E:\wamp\www\self_cms\storage\view\compile\e4be96afafae5e71571939f20ed04734.php 第 26 行.
[ 2015-07-20T23:05:12+08:00 ]NOTICE: Array to string conversionE:\wamp\www\self_cms\storage\view\compile\e4be96afafae5e71571939f20ed04734.php 第 26 行.
[ 2015-07-20T23:05:12+08:00 ]NOTICE: Use of undefined constant catdesc - assumed 'catdesc'E:\wamp\www\self_cms\storage\view\compile\e4be96afafae5e71571939f20ed04734.php 第 27 行.
[ 2015-07-20T23:05:12+08:00 ]NOTICE: Array to string conversionE:\wamp\www\self_cms\storage\view\compile\e4be96afafae5e71571939f20ed04734.php 第 27 行.
[ 2015-07-20T23:05:12+08:00 ]NOTICE: Use of undefined constant catname - assumed 'catname'E:\wamp\www\self_cms\storage\view\compile\e4be96afafae5e71571939f20ed04734.php 第 25 行.
[ 2015-07-20T23:05:12+08:00 ]NOTICE: Array to string conversionE:\wamp\www\self_cms\storage\view\compile\e4be96afafae5e71571939f20ed04734.php 第 25 行.
[ 2015-07-20T23:05:12+08:00 ]NOTICE: Use of undefined constant catkeyword - assumed 'catkeyword'E:\wamp\www\self_cms\storage\view\compile\e4be96afafae5e71571939f20ed04734.php 第 26 行.
[ 2015-07-20T23:05:12+08:00 ]NOTICE: Array to string conversionE:\wamp\www\self_cms\storage\view\compile\e4be96afafae5e71571939f20ed04734.php 第 26 行.
[ 2015-07-20T23:05:12+08:00 ]NOTICE: Use of undefined constant catdesc - assumed 'catdesc'E:\wamp\www\self_cms\storage\view\compile\e4be96afafae5e71571939f20ed04734.php 第 27 行.
[ 2015-07-20T23:05:12+08:00 ]NOTICE: Array to string conversionE:\wamp\www\self_cms\storage\view\compile\e4be96afafae5e71571939f20ed04734.php 第 27 行.
[ 2015-07-20T23:05:12+08:00 ]NOTICE: Use of undefined constant catname - assumed 'catname'E:\wamp\www\self_cms\storage\view\compile\e4be96afafae5e71571939f20ed04734.php 第 25 行.
[ 2015-07-20T23:05:12+08:00 ]NOTICE: Array to string conversionE:\wamp\www\self_cms\storage\view\compile\e4be96afafae5e71571939f20ed04734.php 第 25 行.
[ 2015-07-20T23:05:12+08:00 ]NOTICE: Use of undefined constant catkeyword - assumed 'catkeyword'E:\wamp\www\self_cms\storage\view\compile\e4be96afafae5e71571939f20ed04734.php 第 26 行.
[ 2015-07-20T23:05:12+08:00 ]NOTICE: Array to string conversionE:\wamp\www\self_cms\storage\view\compile\e4be96afafae5e71571939f20ed04734.php 第 26 行.
[ 2015-07-20T23:05:12+08:00 ]NOTICE: Use of undefined constant catdesc - assumed 'catdesc'E:\wamp\www\self_cms\storage\view\compile\e4be96afafae5e71571939f20ed04734.php 第 27 行.
[ 2015-07-20T23:05:12+08:00 ]NOTICE: Array to string conversionE:\wamp\www\self_cms\storage\view\compile\e4be96afafae5e71571939f20ed04734.php 第 27 行.
[ 2015-07-20T23:05:44+08:00 ]NOTICE: Use of undefined constant catname - assumed 'catname'E:\wamp\www\self_cms\storage\view\compile\e4be96afafae5e71571939f20ed04734.php 第 25 行.
[ 2015-07-20T23:05:44+08:00 ]NOTICE: Array to string conversionE:\wamp\www\self_cms\storage\view\compile\e4be96afafae5e71571939f20ed04734.php 第 25 行.
[ 2015-07-20T23:05:44+08:00 ]NOTICE: Use of undefined constant catkeyword - assumed 'catkeyword'E:\wamp\www\self_cms\storage\view\compile\e4be96afafae5e71571939f20ed04734.php 第 26 行.
[ 2015-07-20T23:05:44+08:00 ]NOTICE: Array to string conversionE:\wamp\www\self_cms\storage\view\compile\e4be96afafae5e71571939f20ed04734.php 第 26 行.
[ 2015-07-20T23:05:44+08:00 ]NOTICE: Use of undefined constant catdesc - assumed 'catdesc'E:\wamp\www\self_cms\storage\view\compile\e4be96afafae5e71571939f20ed04734.php 第 27 行.
[ 2015-07-20T23:05:44+08:00 ]NOTICE: Array to string conversionE:\wamp\www\self_cms\storage\view\compile\e4be96afafae5e71571939f20ed04734.php 第 27 行.
[ 2015-07-20T23:05:44+08:00 ]NOTICE: Use of undefined constant catname - assumed 'catname'E:\wamp\www\self_cms\storage\view\compile\e4be96afafae5e71571939f20ed04734.php 第 25 行.
[ 2015-07-20T23:05:44+08:00 ]NOTICE: Array to string conversionE:\wamp\www\self_cms\storage\view\compile\e4be96afafae5e71571939f20ed04734.php 第 25 行.
[ 2015-07-20T23:05:44+08:00 ]NOTICE: Use of undefined constant catkeyword - assumed 'catkeyword'E:\wamp\www\self_cms\storage\view\compile\e4be96afafae5e71571939f20ed04734.php 第 26 行.
[ 2015-07-20T23:05:44+08:00 ]NOTICE: Array to string conversionE:\wamp\www\self_cms\storage\view\compile\e4be96afafae5e71571939f20ed04734.php 第 26 行.
[ 2015-07-20T23:05:44+08:00 ]NOTICE: Use of undefined constant catdesc - assumed 'catdesc'E:\wamp\www\self_cms\storage\view\compile\e4be96afafae5e71571939f20ed04734.php 第 27 行.
[ 2015-07-20T23:05:44+08:00 ]NOTICE: Array to string conversionE:\wamp\www\self_cms\storage\view\compile\e4be96afafae5e71571939f20ed04734.php 第 27 行.
[ 2015-07-20T23:05:44+08:00 ]NOTICE: Use of undefined constant catname - assumed 'catname'E:\wamp\www\self_cms\storage\view\compile\e4be96afafae5e71571939f20ed04734.php 第 25 行.
[ 2015-07-20T23:05:44+08:00 ]NOTICE: Array to string conversionE:\wamp\www\self_cms\storage\view\compile\e4be96afafae5e71571939f20ed04734.php 第 25 行.
[ 2015-07-20T23:05:44+08:00 ]NOTICE: Use of undefined constant catkeyword - assumed 'catkeyword'E:\wamp\www\self_cms\storage\view\compile\e4be96afafae5e71571939f20ed04734.php 第 26 行.
[ 2015-07-20T23:05:44+08:00 ]NOTICE: Array to string conversionE:\wamp\www\self_cms\storage\view\compile\e4be96afafae5e71571939f20ed04734.php 第 26 行.
[ 2015-07-20T23:05:44+08:00 ]NOTICE: Use of undefined constant catdesc - assumed 'catdesc'E:\wamp\www\self_cms\storage\view\compile\e4be96afafae5e71571939f20ed04734.php 第 27 行.
[ 2015-07-20T23:05:44+08:00 ]NOTICE: Array to string conversionE:\wamp\www\self_cms\storage\view\compile\e4be96afafae5e71571939f20ed04734.php 第 27 行.
[ 2015-07-20T23:05:45+08:00 ]NOTICE: Use of undefined constant catname - assumed 'catname'E:\wamp\www\self_cms\storage\view\compile\e4be96afafae5e71571939f20ed04734.php 第 25 行.
[ 2015-07-20T23:05:45+08:00 ]NOTICE: Array to string conversionE:\wamp\www\self_cms\storage\view\compile\e4be96afafae5e71571939f20ed04734.php 第 25 行.
[ 2015-07-20T23:05:45+08:00 ]NOTICE: Use of undefined constant catkeyword - assumed 'catkeyword'E:\wamp\www\self_cms\storage\view\compile\e4be96afafae5e71571939f20ed04734.php 第 26 行.
[ 2015-07-20T23:05:45+08:00 ]NOTICE: Array to string conversionE:\wamp\www\self_cms\storage\view\compile\e4be96afafae5e71571939f20ed04734.php 第 26 行.
[ 2015-07-20T23:05:45+08:00 ]NOTICE: Use of undefined constant catdesc - assumed 'catdesc'E:\wamp\www\self_cms\storage\view\compile\e4be96afafae5e71571939f20ed04734.php 第 27 行.
[ 2015-07-20T23:05:45+08:00 ]NOTICE: Array to string conversionE:\wamp\www\self_cms\storage\view\compile\e4be96afafae5e71571939f20ed04734.php 第 27 行.
[ 2015-07-20T23:05:45+08:00 ]NOTICE: Use of undefined constant catname - assumed 'catname'E:\wamp\www\self_cms\storage\view\compile\e4be96afafae5e71571939f20ed04734.php 第 25 行.
[ 2015-07-20T23:05:45+08:00 ]NOTICE: Array to string conversionE:\wamp\www\self_cms\storage\view\compile\e4be96afafae5e71571939f20ed04734.php 第 25 行.
[ 2015-07-20T23:05:45+08:00 ]NOTICE: Use of undefined constant catkeyword - assumed 'catkeyword'E:\wamp\www\self_cms\storage\view\compile\e4be96afafae5e71571939f20ed04734.php 第 26 行.
[ 2015-07-20T23:05:45+08:00 ]NOTICE: Array to string conversionE:\wamp\www\self_cms\storage\view\compile\e4be96afafae5e71571939f20ed04734.php 第 26 行.
[ 2015-07-20T23:05:45+08:00 ]NOTICE: Use of undefined constant catdesc - assumed 'catdesc'E:\wamp\www\self_cms\storage\view\compile\e4be96afafae5e71571939f20ed04734.php 第 27 行.
[ 2015-07-20T23:05:45+08:00 ]NOTICE: Array to string conversionE:\wamp\www\self_cms\storage\view\compile\e4be96afafae5e71571939f20ed04734.php 第 27 行.
[ 2015-07-20T23:05:45+08:00 ]NOTICE: Use of undefined constant catname - assumed 'catname'E:\wamp\www\self_cms\storage\view\compile\e4be96afafae5e71571939f20ed04734.php 第 25 行.
[ 2015-07-20T23:05:45+08:00 ]NOTICE: Array to string conversionE:\wamp\www\self_cms\storage\view\compile\e4be96afafae5e71571939f20ed04734.php 第 25 行.
[ 2015-07-20T23:05:45+08:00 ]NOTICE: Use of undefined constant catkeyword - assumed 'catkeyword'E:\wamp\www\self_cms\storage\view\compile\e4be96afafae5e71571939f20ed04734.php 第 26 行.
[ 2015-07-20T23:05:45+08:00 ]NOTICE: Array to string conversionE:\wamp\www\self_cms\storage\view\compile\e4be96afafae5e71571939f20ed04734.php 第 26 行.
[ 2015-07-20T23:05:45+08:00 ]NOTICE: Use of undefined constant catdesc - assumed 'catdesc'E:\wamp\www\self_cms\storage\view\compile\e4be96afafae5e71571939f20ed04734.php 第 27 行.
[ 2015-07-20T23:05:45+08:00 ]NOTICE: Array to string conversionE:\wamp\www\self_cms\storage\view\compile\e4be96afafae5e71571939f20ed04734.php 第 27 行.
[ 2015-07-20T23:06:01+08:00 ]NOTICE: Use of undefined constant catname - assumed 'catname'E:\wamp\www\self_cms\storage\view\compile\e4be96afafae5e71571939f20ed04734.php 第 25 行.
[ 2015-07-20T23:06:01+08:00 ]NOTICE: Array to string conversionE:\wamp\www\self_cms\storage\view\compile\e4be96afafae5e71571939f20ed04734.php 第 25 行.
[ 2015-07-20T23:06:01+08:00 ]NOTICE: Use of undefined constant catkeyword - assumed 'catkeyword'E:\wamp\www\self_cms\storage\view\compile\e4be96afafae5e71571939f20ed04734.php 第 26 行.
[ 2015-07-20T23:06:01+08:00 ]NOTICE: Array to string conversionE:\wamp\www\self_cms\storage\view\compile\e4be96afafae5e71571939f20ed04734.php 第 26 行.
[ 2015-07-20T23:06:01+08:00 ]NOTICE: Use of undefined constant catdesc - assumed 'catdesc'E:\wamp\www\self_cms\storage\view\compile\e4be96afafae5e71571939f20ed04734.php 第 27 行.
[ 2015-07-20T23:06:01+08:00 ]NOTICE: Array to string conversionE:\wamp\www\self_cms\storage\view\compile\e4be96afafae5e71571939f20ed04734.php 第 27 行.
[ 2015-07-20T23:06:01+08:00 ]NOTICE: Use of undefined constant catname - assumed 'catname'E:\wamp\www\self_cms\storage\view\compile\e4be96afafae5e71571939f20ed04734.php 第 25 行.
[ 2015-07-20T23:06:01+08:00 ]NOTICE: Array to string conversionE:\wamp\www\self_cms\storage\view\compile\e4be96afafae5e71571939f20ed04734.php 第 25 行.
[ 2015-07-20T23:06:01+08:00 ]NOTICE: Use of undefined constant catkeyword - assumed 'catkeyword'E:\wamp\www\self_cms\storage\view\compile\e4be96afafae5e71571939f20ed04734.php 第 26 行.
[ 2015-07-20T23:06:01+08:00 ]NOTICE: Array to string conversionE:\wamp\www\self_cms\storage\view\compile\e4be96afafae5e71571939f20ed04734.php 第 26 行.
[ 2015-07-20T23:06:01+08:00 ]NOTICE: Use of undefined constant catdesc - assumed 'catdesc'E:\wamp\www\self_cms\storage\view\compile\e4be96afafae5e71571939f20ed04734.php 第 27 行.
[ 2015-07-20T23:06:01+08:00 ]NOTICE: Array to string conversionE:\wamp\www\self_cms\storage\view\compile\e4be96afafae5e71571939f20ed04734.php 第 27 行.
[ 2015-07-20T23:06:01+08:00 ]NOTICE: Use of undefined constant catname - assumed 'catname'E:\wamp\www\self_cms\storage\view\compile\e4be96afafae5e71571939f20ed04734.php 第 25 行.
[ 2015-07-20T23:06:01+08:00 ]NOTICE: Array to string conversionE:\wamp\www\self_cms\storage\view\compile\e4be96afafae5e71571939f20ed04734.php 第 25 行.
[ 2015-07-20T23:06:01+08:00 ]NOTICE: Use of undefined constant catkeyword - assumed 'catkeyword'E:\wamp\www\self_cms\storage\view\compile\e4be96afafae5e71571939f20ed04734.php 第 26 行.
[ 2015-07-20T23:06:01+08:00 ]NOTICE: Array to string conversionE:\wamp\www\self_cms\storage\view\compile\e4be96afafae5e71571939f20ed04734.php 第 26 行.
[ 2015-07-20T23:06:01+08:00 ]NOTICE: Use of undefined constant catdesc - assumed 'catdesc'E:\wamp\www\self_cms\storage\view\compile\e4be96afafae5e71571939f20ed04734.php 第 27 行.
[ 2015-07-20T23:06:01+08:00 ]NOTICE: Array to string conversionE:\wamp\www\self_cms\storage\view\compile\e4be96afafae5e71571939f20ed04734.php 第 27 行.
[ 2015-07-20T23:06:01+08:00 ]NOTICE: Use of undefined constant catname - assumed 'catname'E:\wamp\www\self_cms\storage\view\compile\e4be96afafae5e71571939f20ed04734.php 第 25 行.
[ 2015-07-20T23:06:01+08:00 ]NOTICE: Array to string conversionE:\wamp\www\self_cms\storage\view\compile\e4be96afafae5e71571939f20ed04734.php 第 25 行.
[ 2015-07-20T23:06:01+08:00 ]NOTICE: Use of undefined constant catkeyword - assumed 'catkeyword'E:\wamp\www\self_cms\storage\view\compile\e4be96afafae5e71571939f20ed04734.php 第 26 行.
[ 2015-07-20T23:06:01+08:00 ]NOTICE: Array to string conversionE:\wamp\www\self_cms\storage\view\compile\e4be96afafae5e71571939f20ed04734.php 第 26 行.
[ 2015-07-20T23:06:01+08:00 ]NOTICE: Use of undefined constant catdesc - assumed 'catdesc'E:\wamp\www\self_cms\storage\view\compile\e4be96afafae5e71571939f20ed04734.php 第 27 行.
[ 2015-07-20T23:06:01+08:00 ]NOTICE: Array to string conversionE:\wamp\www\self_cms\storage\view\compile\e4be96afafae5e71571939f20ed04734.php 第 27 行.
[ 2015-07-20T23:06:01+08:00 ]NOTICE: Use of undefined constant catname - assumed 'catname'E:\wamp\www\self_cms\storage\view\compile\e4be96afafae5e71571939f20ed04734.php 第 25 行.
[ 2015-07-20T23:06:01+08:00 ]NOTICE: Array to string conversionE:\wamp\www\self_cms\storage\view\compile\e4be96afafae5e71571939f20ed04734.php 第 25 行.
[ 2015-07-20T23:06:01+08:00 ]NOTICE: Use of undefined constant catkeyword - assumed 'catkeyword'E:\wamp\www\self_cms\storage\view\compile\e4be96afafae5e71571939f20ed04734.php 第 26 行.
[ 2015-07-20T23:06:01+08:00 ]NOTICE: Array to string conversionE:\wamp\www\self_cms\storage\view\compile\e4be96afafae5e71571939f20ed04734.php 第 26 行.
[ 2015-07-20T23:06:01+08:00 ]NOTICE: Use of undefined constant catdesc - assumed 'catdesc'E:\wamp\www\self_cms\storage\view\compile\e4be96afafae5e71571939f20ed04734.php 第 27 行.
[ 2015-07-20T23:06:01+08:00 ]NOTICE: Array to string conversionE:\wamp\www\self_cms\storage\view\compile\e4be96afafae5e71571939f20ed04734.php 第 27 行.
[ 2015-07-20T23:06:01+08:00 ]NOTICE: Use of undefined constant catname - assumed 'catname'E:\wamp\www\self_cms\storage\view\compile\e4be96afafae5e71571939f20ed04734.php 第 25 行.
[ 2015-07-20T23:06:01+08:00 ]NOTICE: Array to string conversionE:\wamp\www\self_cms\storage\view\compile\e4be96afafae5e71571939f20ed04734.php 第 25 行.
[ 2015-07-20T23:06:01+08:00 ]NOTICE: Use of undefined constant catkeyword - assumed 'catkeyword'E:\wamp\www\self_cms\storage\view\compile\e4be96afafae5e71571939f20ed04734.php 第 26 行.
[ 2015-07-20T23:06:01+08:00 ]NOTICE: Array to string conversionE:\wamp\www\self_cms\storage\view\compile\e4be96afafae5e71571939f20ed04734.php 第 26 行.
[ 2015-07-20T23:06:01+08:00 ]NOTICE: Use of undefined constant catdesc - assumed 'catdesc'E:\wamp\www\self_cms\storage\view\compile\e4be96afafae5e71571939f20ed04734.php 第 27 行.
[ 2015-07-20T23:06:01+08:00 ]NOTICE: Array to string conversionE:\wamp\www\self_cms\storage\view\compile\e4be96afafae5e71571939f20ed04734.php 第 27 行.
[ 2015-07-20T23:08:11+08:00 ]NOTICE: Use of undefined constant catname - assumed 'catname'E:\wamp\www\self_cms\storage\view\compile\e4be96afafae5e71571939f20ed04734.php 第 25 行.
[ 2015-07-20T23:08:11+08:00 ]NOTICE: Array to string conversionE:\wamp\www\self_cms\storage\view\compile\e4be96afafae5e71571939f20ed04734.php 第 25 行.
[ 2015-07-20T23:08:11+08:00 ]NOTICE: Use of undefined constant catkeyword - assumed 'catkeyword'E:\wamp\www\self_cms\storage\view\compile\e4be96afafae5e71571939f20ed04734.php 第 26 行.
[ 2015-07-20T23:08:11+08:00 ]NOTICE: Array to string conversionE:\wamp\www\self_cms\storage\view\compile\e4be96afafae5e71571939f20ed04734.php 第 26 行.
[ 2015-07-20T23:08:11+08:00 ]NOTICE: Use of undefined constant catdesc - assumed 'catdesc'E:\wamp\www\self_cms\storage\view\compile\e4be96afafae5e71571939f20ed04734.php 第 27 行.
[ 2015-07-20T23:08:11+08:00 ]NOTICE: Array to string conversionE:\wamp\www\self_cms\storage\view\compile\e4be96afafae5e71571939f20ed04734.php 第 27 行.
[ 2015-07-20T23:08:11+08:00 ]NOTICE: Use of undefined constant catname - assumed 'catname'E:\wamp\www\self_cms\storage\view\compile\e4be96afafae5e71571939f20ed04734.php 第 25 行.
[ 2015-07-20T23:08:11+08:00 ]NOTICE: Array to string conversionE:\wamp\www\self_cms\storage\view\compile\e4be96afafae5e71571939f20ed04734.php 第 25 行.
[ 2015-07-20T23:08:11+08:00 ]NOTICE: Use of undefined constant catkeyword - assumed 'catkeyword'E:\wamp\www\self_cms\storage\view\compile\e4be96afafae5e71571939f20ed04734.php 第 26 行.
[ 2015-07-20T23:08:11+08:00 ]NOTICE: Array to string conversionE:\wamp\www\self_cms\storage\view\compile\e4be96afafae5e71571939f20ed04734.php 第 26 行.
[ 2015-07-20T23:08:11+08:00 ]NOTICE: Use of undefined constant catdesc - assumed 'catdesc'E:\wamp\www\self_cms\storage\view\compile\e4be96afafae5e71571939f20ed04734.php 第 27 行.
[ 2015-07-20T23:08:11+08:00 ]NOTICE: Array to string conversionE:\wamp\www\self_cms\storage\view\compile\e4be96afafae5e71571939f20ed04734.php 第 27 行.
[ 2015-07-20T23:08:11+08:00 ]NOTICE: Use of undefined constant catname - assumed 'catname'E:\wamp\www\self_cms\storage\view\compile\e4be96afafae5e71571939f20ed04734.php 第 25 行.
[ 2015-07-20T23:08:11+08:00 ]NOTICE: Array to string conversionE:\wamp\www\self_cms\storage\view\compile\e4be96afafae5e71571939f20ed04734.php 第 25 行.
[ 2015-07-20T23:08:11+08:00 ]NOTICE: Use of undefined constant catkeyword - assumed 'catkeyword'E:\wamp\www\self_cms\storage\view\compile\e4be96afafae5e71571939f20ed04734.php 第 26 行.
[ 2015-07-20T23:08:11+08:00 ]NOTICE: Array to string conversionE:\wamp\www\self_cms\storage\view\compile\e4be96afafae5e71571939f20ed04734.php 第 26 行.
[ 2015-07-20T23:08:11+08:00 ]NOTICE: Use of undefined constant catdesc - assumed 'catdesc'E:\wamp\www\self_cms\storage\view\compile\e4be96afafae5e71571939f20ed04734.php 第 27 行.
[ 2015-07-20T23:08:11+08:00 ]NOTICE: Array to string conversionE:\wamp\www\self_cms\storage\view\compile\e4be96afafae5e71571939f20ed04734.php 第 27 行.
[ 2015-07-20T23:08:12+08:00 ]NOTICE: Use of undefined constant catname - assumed 'catname'E:\wamp\www\self_cms\storage\view\compile\e4be96afafae5e71571939f20ed04734.php 第 25 行.
[ 2015-07-20T23:08:12+08:00 ]NOTICE: Array to string conversionE:\wamp\www\self_cms\storage\view\compile\e4be96afafae5e71571939f20ed04734.php 第 25 行.
[ 2015-07-20T23:08:12+08:00 ]NOTICE: Use of undefined constant catkeyword - assumed 'catkeyword'E:\wamp\www\self_cms\storage\view\compile\e4be96afafae5e71571939f20ed04734.php 第 26 行.
[ 2015-07-20T23:08:12+08:00 ]NOTICE: Array to string conversionE:\wamp\www\self_cms\storage\view\compile\e4be96afafae5e71571939f20ed04734.php 第 26 行.
[ 2015-07-20T23:08:12+08:00 ]NOTICE: Use of undefined constant catdesc - assumed 'catdesc'E:\wamp\www\self_cms\storage\view\compile\e4be96afafae5e71571939f20ed04734.php 第 27 行.
[ 2015-07-20T23:08:12+08:00 ]NOTICE: Array to string conversionE:\wamp\www\self_cms\storage\view\compile\e4be96afafae5e71571939f20ed04734.php 第 27 行.
[ 2015-07-20T23:08:12+08:00 ]NOTICE: Use of undefined constant catname - assumed 'catname'E:\wamp\www\self_cms\storage\view\compile\e4be96afafae5e71571939f20ed04734.php 第 25 行.
[ 2015-07-20T23:08:12+08:00 ]NOTICE: Array to string conversionE:\wamp\www\self_cms\storage\view\compile\e4be96afafae5e71571939f20ed04734.php 第 25 行.
[ 2015-07-20T23:08:12+08:00 ]NOTICE: Use of undefined constant catkeyword - assumed 'catkeyword'E:\wamp\www\self_cms\storage\view\compile\e4be96afafae5e71571939f20ed04734.php 第 26 行.
[ 2015-07-20T23:08:12+08:00 ]NOTICE: Array to string conversionE:\wamp\www\self_cms\storage\view\compile\e4be96afafae5e71571939f20ed04734.php 第 26 行.
[ 2015-07-20T23:08:12+08:00 ]NOTICE: Use of undefined constant catdesc - assumed 'catdesc'E:\wamp\www\self_cms\storage\view\compile\e4be96afafae5e71571939f20ed04734.php 第 27 行.
[ 2015-07-20T23:08:12+08:00 ]NOTICE: Array to string conversionE:\wamp\www\self_cms\storage\view\compile\e4be96afafae5e71571939f20ed04734.php 第 27 行.
[ 2015-07-20T23:08:12+08:00 ]NOTICE: Use of undefined constant catname - assumed 'catname'E:\wamp\www\self_cms\storage\view\compile\e4be96afafae5e71571939f20ed04734.php 第 25 行.
[ 2015-07-20T23:08:12+08:00 ]NOTICE: Array to string conversionE:\wamp\www\self_cms\storage\view\compile\e4be96afafae5e71571939f20ed04734.php 第 25 行.
[ 2015-07-20T23:08:12+08:00 ]NOTICE: Use of undefined constant catkeyword - assumed 'catkeyword'E:\wamp\www\self_cms\storage\view\compile\e4be96afafae5e71571939f20ed04734.php 第 26 行.
[ 2015-07-20T23:08:12+08:00 ]NOTICE: Array to string conversionE:\wamp\www\self_cms\storage\view\compile\e4be96afafae5e71571939f20ed04734.php 第 26 行.
[ 2015-07-20T23:08:12+08:00 ]NOTICE: Use of undefined constant catdesc - assumed 'catdesc'E:\wamp\www\self_cms\storage\view\compile\e4be96afafae5e71571939f20ed04734.php 第 27 行.
[ 2015-07-20T23:08:12+08:00 ]NOTICE: Array to string conversionE:\wamp\www\self_cms\storage\view\compile\e4be96afafae5e71571939f20ed04734.php 第 27 行.
[ 2015-07-20T23:08:39+08:00 ]NOTICE: Array to string conversionE:\wamp\www\self_cms\storage\view\compile\e4be96afafae5e71571939f20ed04734.php 第 23 行.
[ 2015-07-20T23:08:39+08:00 ]NOTICE: Use of undefined constant catname - assumed 'catname'E:\wamp\www\self_cms\storage\view\compile\e4be96afafae5e71571939f20ed04734.php 第 26 行.
[ 2015-07-20T23:08:39+08:00 ]NOTICE: Array to string conversionE:\wamp\www\self_cms\storage\view\compile\e4be96afafae5e71571939f20ed04734.php 第 26 行.
[ 2015-07-20T23:08:39+08:00 ]NOTICE: Use of undefined constant catkeyword - assumed 'catkeyword'E:\wamp\www\self_cms\storage\view\compile\e4be96afafae5e71571939f20ed04734.php 第 27 行.
[ 2015-07-20T23:08:39+08:00 ]NOTICE: Array to string conversionE:\wamp\www\self_cms\storage\view\compile\e4be96afafae5e71571939f20ed04734.php 第 27 行.
[ 2015-07-20T23:08:39+08:00 ]NOTICE: Use of undefined constant catdesc - assumed 'catdesc'E:\wamp\www\self_cms\storage\view\compile\e4be96afafae5e71571939f20ed04734.php 第 28 行.
[ 2015-07-20T23:08:39+08:00 ]NOTICE: Array to string conversionE:\wamp\www\self_cms\storage\view\compile\e4be96afafae5e71571939f20ed04734.php 第 28 行.
[ 2015-07-20T23:08:39+08:00 ]NOTICE: Use of undefined constant catname - assumed 'catname'E:\wamp\www\self_cms\storage\view\compile\e4be96afafae5e71571939f20ed04734.php 第 26 行.
[ 2015-07-20T23:08:39+08:00 ]NOTICE: Array to string conversionE:\wamp\www\self_cms\storage\view\compile\e4be96afafae5e71571939f20ed04734.php 第 26 行.
[ 2015-07-20T23:08:39+08:00 ]NOTICE: Use of undefined constant catkeyword - assumed 'catkeyword'E:\wamp\www\self_cms\storage\view\compile\e4be96afafae5e71571939f20ed04734.php 第 27 行.
[ 2015-07-20T23:08:39+08:00 ]NOTICE: Array to string conversionE:\wamp\www\self_cms\storage\view\compile\e4be96afafae5e71571939f20ed04734.php 第 27 行.
[ 2015-07-20T23:08:39+08:00 ]NOTICE: Use of undefined constant catdesc - assumed 'catdesc'E:\wamp\www\self_cms\storage\view\compile\e4be96afafae5e71571939f20ed04734.php 第 28 行.
[ 2015-07-20T23:08:39+08:00 ]NOTICE: Array to string conversionE:\wamp\www\self_cms\storage\view\compile\e4be96afafae5e71571939f20ed04734.php 第 28 行.
[ 2015-07-20T23:08:39+08:00 ]NOTICE: Use of undefined constant catname - assumed 'catname'E:\wamp\www\self_cms\storage\view\compile\e4be96afafae5e71571939f20ed04734.php 第 26 行.
[ 2015-07-20T23:08:39+08:00 ]NOTICE: Array to string conversionE:\wamp\www\self_cms\storage\view\compile\e4be96afafae5e71571939f20ed04734.php 第 26 行.
[ 2015-07-20T23:08:39+08:00 ]NOTICE: Use of undefined constant catkeyword - assumed 'catkeyword'E:\wamp\www\self_cms\storage\view\compile\e4be96afafae5e71571939f20ed04734.php 第 27 行.
[ 2015-07-20T23:08:39+08:00 ]NOTICE: Array to string conversionE:\wamp\www\self_cms\storage\view\compile\e4be96afafae5e71571939f20ed04734.php 第 27 行.
[ 2015-07-20T23:08:39+08:00 ]NOTICE: Use of undefined constant catdesc - assumed 'catdesc'E:\wamp\www\self_cms\storage\view\compile\e4be96afafae5e71571939f20ed04734.php 第 28 行.
[ 2015-07-20T23:08:39+08:00 ]NOTICE: Array to string conversionE:\wamp\www\self_cms\storage\view\compile\e4be96afafae5e71571939f20ed04734.php 第 28 行.
[ 2015-07-20T23:08:39+08:00 ]NOTICE: Array to string conversionE:\wamp\www\self_cms\storage\view\compile\e4be96afafae5e71571939f20ed04734.php 第 23 行.
[ 2015-07-20T23:08:39+08:00 ]NOTICE: Use of undefined constant catname - assumed 'catname'E:\wamp\www\self_cms\storage\view\compile\e4be96afafae5e71571939f20ed04734.php 第 26 行.
[ 2015-07-20T23:08:39+08:00 ]NOTICE: Array to string conversionE:\wamp\www\self_cms\storage\view\compile\e4be96afafae5e71571939f20ed04734.php 第 26 行.
[ 2015-07-20T23:08:39+08:00 ]NOTICE: Use of undefined constant catkeyword - assumed 'catkeyword'E:\wamp\www\self_cms\storage\view\compile\e4be96afafae5e71571939f20ed04734.php 第 27 行.
[ 2015-07-20T23:08:39+08:00 ]NOTICE: Array to string conversionE:\wamp\www\self_cms\storage\view\compile\e4be96afafae5e71571939f20ed04734.php 第 27 行.
[ 2015-07-20T23:08:39+08:00 ]NOTICE: Use of undefined constant catdesc - assumed 'catdesc'E:\wamp\www\self_cms\storage\view\compile\e4be96afafae5e71571939f20ed04734.php 第 28 行.
[ 2015-07-20T23:08:39+08:00 ]NOTICE: Array to string conversionE:\wamp\www\self_cms\storage\view\compile\e4be96afafae5e71571939f20ed04734.php 第 28 行.
[ 2015-07-20T23:08:39+08:00 ]NOTICE: Use of undefined constant catname - assumed 'catname'E:\wamp\www\self_cms\storage\view\compile\e4be96afafae5e71571939f20ed04734.php 第 26 行.
[ 2015-07-20T23:08:39+08:00 ]NOTICE: Array to string conversionE:\wamp\www\self_cms\storage\view\compile\e4be96afafae5e71571939f20ed04734.php 第 26 行.
[ 2015-07-20T23:08:39+08:00 ]NOTICE: Use of undefined constant catkeyword - assumed 'catkeyword'E:\wamp\www\self_cms\storage\view\compile\e4be96afafae5e71571939f20ed04734.php 第 27 行.
[ 2015-07-20T23:08:39+08:00 ]NOTICE: Array to string conversionE:\wamp\www\self_cms\storage\view\compile\e4be96afafae5e71571939f20ed04734.php 第 27 行.
[ 2015-07-20T23:08:39+08:00 ]NOTICE: Use of undefined constant catdesc - assumed 'catdesc'E:\wamp\www\self_cms\storage\view\compile\e4be96afafae5e71571939f20ed04734.php 第 28 行.
[ 2015-07-20T23:08:39+08:00 ]NOTICE: Array to string conversionE:\wamp\www\self_cms\storage\view\compile\e4be96afafae5e71571939f20ed04734.php 第 28 行.
[ 2015-07-20T23:08:39+08:00 ]NOTICE: Use of undefined constant catname - assumed 'catname'E:\wamp\www\self_cms\storage\view\compile\e4be96afafae5e71571939f20ed04734.php 第 26 行.
[ 2015-07-20T23:08:39+08:00 ]NOTICE: Array to string conversionE:\wamp\www\self_cms\storage\view\compile\e4be96afafae5e71571939f20ed04734.php 第 26 行.
[ 2015-07-20T23:08:39+08:00 ]NOTICE: Use of undefined constant catkeyword - assumed 'catkeyword'E:\wamp\www\self_cms\storage\view\compile\e4be96afafae5e71571939f20ed04734.php 第 27 行.
[ 2015-07-20T23:08:39+08:00 ]NOTICE: Array to string conversionE:\wamp\www\self_cms\storage\view\compile\e4be96afafae5e71571939f20ed04734.php 第 27 行.
[ 2015-07-20T23:08:39+08:00 ]NOTICE: Use of undefined constant catdesc - assumed 'catdesc'E:\wamp\www\self_cms\storage\view\compile\e4be96afafae5e71571939f20ed04734.php 第 28 行.
[ 2015-07-20T23:08:39+08:00 ]NOTICE: Array to string conversionE:\wamp\www\self_cms\storage\view\compile\e4be96afafae5e71571939f20ed04734.php 第 28 行.
[ 2015-07-20T23:16:27+08:00 ]EXCEPTION: Method Sadmin\Controller\CategoryController::add() does not exist
[ 2015-07-20T23:16:27+08:00 ]EXCEPTION: Method Sadmin\Controller\CategoryController::add() does not exist
