[ 2015-07-28T00:42:23+08:00 ]NOTICE: Undefined variable: dataE:\wamp\www\self_cms\app\Common\Tag\Common.php 第 26 行.
[ 2015-07-28T00:42:23+08:00 ]NOTICE: Undefined variable: dataE:\wamp\www\self_cms\app\Common\Tag\Common.php 第 26 行.
[ 2015-07-28T00:42:23+08:00 ]NOTICE: Undefined variable: dataE:\wamp\www\self_cms\app\Common\Tag\Common.php 第 26 行.
[ 2015-07-28T00:42:23+08:00 ]NOTICE: Trying to get property of non-objectE:\wamp\www\self_cms\app\Common\Tag\Common.php 第 26 行.
[ 2015-07-28T00:42:23+08:00 ]NOTICE: Undefined variable: dataE:\wamp\www\self_cms\app\Common\Tag\Common.php 第 27 行.
[ 2015-07-28T00:42:23+08:00 ]NOTICE: Undefined variable: keyE:\wamp\www\self_cms\app\Common\Tag\Common.php 第 27 行.
[ 2015-07-28T00:42:23+08:00 ]NOTICE: Undefined variable: fieldE:\wamp\www\self_cms\app\Common\Tag\Common.php 第 29 行.
[ 2015-07-28T00:59:28+08:00 ]NOTICE: Undefined index: idE:\wamp\www\self_cms\storage\view\compile\bf34f4cf597083c7a67add56ceaafc1e.php 第 41 行.
[ 2015-07-28T00:59:28+08:00 ]NOTICE: Undefined index: titleE:\wamp\www\self_cms\storage\view\compile\bf34f4cf597083c7a67add56ceaafc1e.php 第 43 行.
[ 2015-07-28T00:59:28+08:00 ]NOTICE: Undefined index: catnameE:\wamp\www\self_cms\storage\view\compile\bf34f4cf597083c7a67add56ceaafc1e.php 第 46 行.
[ 2015-07-28T00:59:28+08:00 ]NOTICE: Undefined index: addtimeE:\wamp\www\self_cms\storage\view\compile\bf34f4cf597083c7a67add56ceaafc1e.php 第 49 行.
[ 2015-07-28T00:59:28+08:00 ]NOTICE: Undefined index: idE:\wamp\www\self_cms\storage\view\compile\bf34f4cf597083c7a67add56ceaafc1e.php 第 52 行.
[ 2015-07-28T00:59:28+08:00 ]NOTICE: Undefined index: idE:\wamp\www\self_cms\storage\view\compile\bf34f4cf597083c7a67add56ceaafc1e.php 第 53 行.
[ 2015-07-28T00:59:28+08:00 ]NOTICE: Undefined index: idE:\wamp\www\self_cms\storage\view\compile\bf34f4cf597083c7a67add56ceaafc1e.php 第 41 行.
[ 2015-07-28T00:59:28+08:00 ]NOTICE: Undefined index: titleE:\wamp\www\self_cms\storage\view\compile\bf34f4cf597083c7a67add56ceaafc1e.php 第 43 行.
[ 2015-07-28T00:59:28+08:00 ]NOTICE: Undefined index: catnameE:\wamp\www\self_cms\storage\view\compile\bf34f4cf597083c7a67add56ceaafc1e.php 第 46 行.
[ 2015-07-28T00:59:28+08:00 ]NOTICE: Undefined index: addtimeE:\wamp\www\self_cms\storage\view\compile\bf34f4cf597083c7a67add56ceaafc1e.php 第 49 行.
[ 2015-07-28T00:59:28+08:00 ]NOTICE: Undefined index: idE:\wamp\www\self_cms\storage\view\compile\bf34f4cf597083c7a67add56ceaafc1e.php 第 52 行.
[ 2015-07-28T00:59:28+08:00 ]NOTICE: Undefined index: idE:\wamp\www\self_cms\storage\view\compile\bf34f4cf597083c7a67add56ceaafc1e.php 第 53 行.
[ 2015-07-28T01:00:02+08:00 ]NOTICE: Undefined index: idE:\wamp\www\self_cms\storage\view\compile\bf34f4cf597083c7a67add56ceaafc1e.php 第 41 行.
[ 2015-07-28T01:00:02+08:00 ]NOTICE: Undefined index: titleE:\wamp\www\self_cms\storage\view\compile\bf34f4cf597083c7a67add56ceaafc1e.php 第 43 行.
[ 2015-07-28T01:00:02+08:00 ]NOTICE: Undefined index: catnameE:\wamp\www\self_cms\storage\view\compile\bf34f4cf597083c7a67add56ceaafc1e.php 第 46 行.
[ 2015-07-28T01:00:02+08:00 ]NOTICE: Undefined index: addtimeE:\wamp\www\self_cms\storage\view\compile\bf34f4cf597083c7a67add56ceaafc1e.php 第 49 行.
[ 2015-07-28T01:00:02+08:00 ]NOTICE: Undefined index: idE:\wamp\www\self_cms\storage\view\compile\bf34f4cf597083c7a67add56ceaafc1e.php 第 52 行.
[ 2015-07-28T01:00:02+08:00 ]NOTICE: Undefined index: idE:\wamp\www\self_cms\storage\view\compile\bf34f4cf597083c7a67add56ceaafc1e.php 第 53 行.
[ 2015-07-28T01:00:02+08:00 ]NOTICE: Undefined index: idE:\wamp\www\self_cms\storage\view\compile\bf34f4cf597083c7a67add56ceaafc1e.php 第 41 行.
[ 2015-07-28T01:00:02+08:00 ]NOTICE: Undefined index: titleE:\wamp\www\self_cms\storage\view\compile\bf34f4cf597083c7a67add56ceaafc1e.php 第 43 行.
[ 2015-07-28T01:00:02+08:00 ]NOTICE: Undefined index: catnameE:\wamp\www\self_cms\storage\view\compile\bf34f4cf597083c7a67add56ceaafc1e.php 第 46 行.
[ 2015-07-28T01:00:02+08:00 ]NOTICE: Undefined index: addtimeE:\wamp\www\self_cms\storage\view\compile\bf34f4cf597083c7a67add56ceaafc1e.php 第 49 行.
[ 2015-07-28T01:00:02+08:00 ]NOTICE: Undefined index: idE:\wamp\www\self_cms\storage\view\compile\bf34f4cf597083c7a67add56ceaafc1e.php 第 52 行.
[ 2015-07-28T01:00:02+08:00 ]NOTICE: Undefined index: idE:\wamp\www\self_cms\storage\view\compile\bf34f4cf597083c7a67add56ceaafc1e.php 第 53 行.
[ 2015-07-28T01:01:20+08:00 ]NOTICE: Undefined index: idE:\wamp\www\self_cms\storage\view\compile\bf34f4cf597083c7a67add56ceaafc1e.php 第 41 行.
[ 2015-07-28T01:01:20+08:00 ]NOTICE: Undefined index: titleE:\wamp\www\self_cms\storage\view\compile\bf34f4cf597083c7a67add56ceaafc1e.php 第 43 行.
[ 2015-07-28T01:01:20+08:00 ]NOTICE: Undefined index: catnameE:\wamp\www\self_cms\storage\view\compile\bf34f4cf597083c7a67add56ceaafc1e.php 第 46 行.
[ 2015-07-28T01:01:20+08:00 ]NOTICE: Undefined index: addtimeE:\wamp\www\self_cms\storage\view\compile\bf34f4cf597083c7a67add56ceaafc1e.php 第 49 行.
[ 2015-07-28T01:01:20+08:00 ]NOTICE: Undefined index: idE:\wamp\www\self_cms\storage\view\compile\bf34f4cf597083c7a67add56ceaafc1e.php 第 52 行.
[ 2015-07-28T01:01:20+08:00 ]NOTICE: Undefined index: idE:\wamp\www\self_cms\storage\view\compile\bf34f4cf597083c7a67add56ceaafc1e.php 第 53 行.
[ 2015-07-28T01:01:20+08:00 ]NOTICE: Undefined index: idE:\wamp\www\self_cms\storage\view\compile\bf34f4cf597083c7a67add56ceaafc1e.php 第 41 行.
[ 2015-07-28T01:01:20+08:00 ]NOTICE: Undefined index: titleE:\wamp\www\self_cms\storage\view\compile\bf34f4cf597083c7a67add56ceaafc1e.php 第 43 行.
[ 2015-07-28T01:01:20+08:00 ]NOTICE: Undefined index: catnameE:\wamp\www\self_cms\storage\view\compile\bf34f4cf597083c7a67add56ceaafc1e.php 第 46 行.
[ 2015-07-28T01:01:20+08:00 ]NOTICE: Undefined index: addtimeE:\wamp\www\self_cms\storage\view\compile\bf34f4cf597083c7a67add56ceaafc1e.php 第 49 行.
[ 2015-07-28T01:01:20+08:00 ]NOTICE: Undefined index: idE:\wamp\www\self_cms\storage\view\compile\bf34f4cf597083c7a67add56ceaafc1e.php 第 52 行.
[ 2015-07-28T01:01:20+08:00 ]NOTICE: Undefined index: idE:\wamp\www\self_cms\storage\view\compile\bf34f4cf597083c7a67add56ceaafc1e.php 第 53 行.
[ 2015-07-28T11:56:57+08:00 ]NOTICE: Undefined index: urlE:\wamp\www\self_cms\storage\view\compile\48d99c9d1a8aebda75a5a955ecb21856.php 第 227 行.
[ 2015-07-28T11:56:58+08:00 ]NOTICE: Undefined index: urlE:\wamp\www\self_cms\storage\view\compile\48d99c9d1a8aebda75a5a955ecb21856.php 第 227 行.
[ 2015-07-28T11:56:58+08:00 ]NOTICE: Undefined index: urlE:\wamp\www\self_cms\storage\view\compile\48d99c9d1a8aebda75a5a955ecb21856.php 第 227 行.
[ 2015-07-28T11:56:58+08:00 ]NOTICE: Undefined index: urlE:\wamp\www\self_cms\storage\view\compile\48d99c9d1a8aebda75a5a955ecb21856.php 第 227 行.
[ 2015-07-28T11:56:58+08:00 ]NOTICE: Undefined index: urlE:\wamp\www\self_cms\storage\view\compile\48d99c9d1a8aebda75a5a955ecb21856.php 第 227 行.
[ 2015-07-28T11:56:58+08:00 ]NOTICE: Undefined index: urlE:\wamp\www\self_cms\storage\view\compile\48d99c9d1a8aebda75a5a955ecb21856.php 第 227 行.
[ 2015-07-28T12:00:08+08:00 ]EXCEPTION: Method Home\Controller\IndexController::notice() does not exist
[ 2015-07-28T12:08:22+08:00 ]NOTICE: Array to string conversionE:\wamp\www\self_cms\app\Common\Tag\Common.php 第 54 行.
[ 2015-07-28T12:08:22+08:00 ]NOTICE: Array to string conversionE:\wamp\www\self_cms\app\Common\Tag\Common.php 第 54 行.
[ 2015-07-28T12:09:22+08:00 ]NOTICE: Array to string conversionE:\wamp\www\self_cms\app\Common\Tag\Common.php 第 54 行.
[ 2015-07-28T12:09:22+08:00 ]NOTICE: Array to string conversionE:\wamp\www\self_cms\app\Common\Tag\Common.php 第 54 行.
[ 2015-07-28T12:09:24+08:00 ]NOTICE: Array to string conversionE:\wamp\www\self_cms\app\Common\Tag\Common.php 第 54 行.
[ 2015-07-28T12:09:24+08:00 ]NOTICE: Array to string conversionE:\wamp\www\self_cms\app\Common\Tag\Common.php 第 54 行.
[ 2015-07-28T12:10:09+08:00 ]NOTICE: Array to string conversionE:\wamp\www\self_cms\app\Common\Tag\Common.php 第 54 行.
[ 2015-07-28T12:10:09+08:00 ]NOTICE: Array to string conversionE:\wamp\www\self_cms\app\Common\Tag\Common.php 第 54 行.
[ 2015-07-28T12:10:10+08:00 ]NOTICE: Array to string conversionE:\wamp\www\self_cms\app\Common\Tag\Common.php 第 54 行.
[ 2015-07-28T12:10:10+08:00 ]NOTICE: Array to string conversionE:\wamp\www\self_cms\app\Common\Tag\Common.php 第 54 行.
[ 2015-07-28T12:10:11+08:00 ]NOTICE: Array to string conversionE:\wamp\www\self_cms\app\Common\Tag\Common.php 第 54 行.
[ 2015-07-28T12:10:11+08:00 ]NOTICE: Array to string conversionE:\wamp\www\self_cms\app\Common\Tag\Common.php 第 54 行.
[ 2015-07-28T12:11:21+08:00 ]EXCEPTION: SELECT  *  FROM category WHERE  pid=?  pid NOT IN (?) ;BindParams:array (
  0 => 0,
  1 => '20',
)42000;1064;You have an error in your SQL syntax; check the manual that corresponds to your MySQL server version for the right syntax to use near 'pid NOT IN ('20')' at line 1
[ 2015-07-28T12:12:52+08:00 ]EXCEPTION: SELECT  *  FROM category WHERE  pid=?  pid NOT IN (?) ;BindParams:array (
  0 => 0,
  1 => '20',
)42000;1064;You have an error in your SQL syntax; check the manual that corresponds to your MySQL server version for the right syntax to use near 'pid NOT IN ('20')' at line 1
[ 2015-07-28T12:12:55+08:00 ]EXCEPTION: SELECT  *  FROM category WHERE  pid=?  pid NOT IN (?) ;BindParams:array (
  0 => 0,
  1 => '20',
)42000;1064;You have an error in your SQL syntax; check the manual that corresponds to your MySQL server version for the right syntax to use near 'pid NOT IN ('20')' at line 1
[ 2015-07-28T12:23:53+08:00 ]NOTICE: Array to string conversionE:\wamp\www\self_cms\app\Common\Tag\Common.php 第 55 行.
[ 2015-07-28T12:23:53+08:00 ]NOTICE: Array to string conversionE:\wamp\www\self_cms\app\Common\Tag\Common.php 第 55 行.
[ 2015-07-28T12:24:09+08:00 ]NOTICE: Array to string conversionE:\wamp\www\self_cms\app\Common\Tag\Common.php 第 55 行.
[ 2015-07-28T12:24:09+08:00 ]NOTICE: Array to string conversionE:\wamp\www\self_cms\app\Common\Tag\Common.php 第 55 行.
[ 2015-07-28T12:25:30+08:00 ]NOTICE: Invalid argument supplied for foreach()E:\wamp\www\self_cms\Hdphp\Db\Mysql.php 第 626 行.
[ 2015-07-28T12:25:30+08:00 ]EXCEPTION: SELECT  *  FROM category WHERE  pid=? AND pid NOT IN () ;BindParams:array (
  0 => 0,
)42000;1064;You have an error in your SQL syntax; check the manual that corresponds to your MySQL server version for the right syntax to use near ')' at line 1
[ 2015-07-28T12:29:35+08:00 ]NOTICE: Array to string conversionE:\wamp\www\self_cms\app\Common\Tag\Common.php 第 55 行.
[ 2015-07-28T12:29:35+08:00 ]NOTICE: Array to string conversionE:\wamp\www\self_cms\app\Common\Tag\Common.php 第 55 行.
[ 2015-07-28T12:31:53+08:00 ]NOTICE: Array to string conversionE:\wamp\www\self_cms\app\Common\Tag\Common.php 第 55 行.
[ 2015-07-28T12:31:53+08:00 ]NOTICE: Array to string conversionE:\wamp\www\self_cms\app\Common\Tag\Common.php 第 55 行.
[ 2015-07-28T23:04:52+08:00 ]NOTICE: Array to string conversionE:\wamp\www\self_cms\Hdphp\Db\Mysql.php 第 251 行.
[ 2015-07-28T23:04:52+08:00 ]NOTICE: Array to string conversionE:\wamp\www\self_cms\Hdphp\Db\Mysql.php 第 251 行.
[ 2015-07-28T23:05:06+08:00 ]NOTICE: Array to string conversionE:\wamp\www\self_cms\Hdphp\Db\Mysql.php 第 251 行.
[ 2015-07-28T23:05:07+08:00 ]NOTICE: Array to string conversionE:\wamp\www\self_cms\Hdphp\Db\Mysql.php 第 251 行.
[ 2015-07-28T23:05:56+08:00 ]NOTICE: Array to string conversionE:\wamp\www\self_cms\Hdphp\Db\Mysql.php 第 251 行.
[ 2015-07-28T23:05:57+08:00 ]NOTICE: Array to string conversionE:\wamp\www\self_cms\Hdphp\Db\Mysql.php 第 251 行.
[ 2015-07-28T23:07:12+08:00 ]NOTICE: Array to string conversionE:\wamp\www\self_cms\Hdphp\Db\Mysql.php 第 251 行.
[ 2015-07-28T23:07:12+08:00 ]NOTICE: Array to string conversionE:\wamp\www\self_cms\Hdphp\Db\Mysql.php 第 251 行.
[ 2015-07-28T23:07:35+08:00 ]NOTICE: Use of undefined constant a - assumed 'a'E:\wamp\www\self_cms\storage\view\compile\48d99c9d1a8aebda75a5a955ecb21856.php 第 224 行.
[ 2015-07-28T23:07:36+08:00 ]NOTICE: Use of undefined constant a - assumed 'a'E:\wamp\www\self_cms\storage\view\compile\48d99c9d1a8aebda75a5a955ecb21856.php 第 224 行.
[ 2015-07-28T23:09:05+08:00 ]NOTICE: Undefined index: urlE:\wamp\www\self_cms\storage\view\compile\48d99c9d1a8aebda75a5a955ecb21856.php 第 228 行.
[ 2015-07-28T23:09:05+08:00 ]NOTICE: Undefined index: urlE:\wamp\www\self_cms\storage\view\compile\48d99c9d1a8aebda75a5a955ecb21856.php 第 228 行.
[ 2015-07-28T23:09:05+08:00 ]NOTICE: Undefined index: urlE:\wamp\www\self_cms\storage\view\compile\48d99c9d1a8aebda75a5a955ecb21856.php 第 228 行.
[ 2015-07-28T23:09:06+08:00 ]NOTICE: Undefined index: urlE:\wamp\www\self_cms\storage\view\compile\48d99c9d1a8aebda75a5a955ecb21856.php 第 228 行.
[ 2015-07-28T23:09:06+08:00 ]NOTICE: Undefined index: urlE:\wamp\www\self_cms\storage\view\compile\48d99c9d1a8aebda75a5a955ecb21856.php 第 228 行.
[ 2015-07-28T23:09:06+08:00 ]NOTICE: Undefined index: urlE:\wamp\www\self_cms\storage\view\compile\48d99c9d1a8aebda75a5a955ecb21856.php 第 228 行.
