[ 2015-07-29T00:26:08+08:00 ]NOTICE: Undefined index: catnameE:\wamp\www\self_cms\app\Common\Tag\Common.php 第 32 行.
[ 2015-07-29T00:26:29+08:00 ]NOTICE: Undefined variable: catnameE:\wamp\www\self_cms\app\Common\Tag\Common.php 第 36 行.
[ 2015-07-29T00:26:29+08:00 ]NOTICE: Undefined variable: catnameE:\wamp\www\self_cms\app\Common\Tag\Common.php 第 41 行.
[ 2015-07-29T00:30:52+08:00 ]NOTICE: Undefined variable: firstE:\wamp\www\self_cms\storage\view\compile\48d99c9d1a8aebda75a5a955ecb21856.php 第 244 行.
[ 2015-07-29T00:30:52+08:00 ]NOTICE: Undefined variable: firstE:\wamp\www\self_cms\storage\view\compile\48d99c9d1a8aebda75a5a955ecb21856.php 第 244 行.
[ 2015-07-29T00:30:52+08:00 ]NOTICE: Undefined variable: firstE:\wamp\www\self_cms\storage\view\compile\48d99c9d1a8aebda75a5a955ecb21856.php 第 245 行.
[ 2015-07-29T00:30:52+08:00 ]NOTICE: Undefined variable: firstE:\wamp\www\self_cms\storage\view\compile\48d99c9d1a8aebda75a5a955ecb21856.php 第 244 行.
[ 2015-07-29T00:30:52+08:00 ]NOTICE: Undefined variable: firstE:\wamp\www\self_cms\storage\view\compile\48d99c9d1a8aebda75a5a955ecb21856.php 第 244 行.
[ 2015-07-29T00:30:52+08:00 ]NOTICE: Undefined variable: firstE:\wamp\www\self_cms\storage\view\compile\48d99c9d1a8aebda75a5a955ecb21856.php 第 245 行.
[ 2015-07-29T00:43:38+08:00 ]NOTICE: Undefined index: catnameE:\wamp\www\self_cms\storage\view\compile\cc9ffe0f30bb31231d6f82509b0177d0.php 第 245 行.
[ 2015-07-29T00:43:38+08:00 ]NOTICE: Undefined index: titleE:\wamp\www\self_cms\storage\view\compile\cc9ffe0f30bb31231d6f82509b0177d0.php 第 250 行.
[ 2015-07-29T00:46:00+08:00 ]NOTICE: Undefined index: contentE:\wamp\www\self_cms\storage\view\compile\cc9ffe0f30bb31231d6f82509b0177d0.php 第 255 行.
[ 2015-07-29T00:48:51+08:00 ]NOTICE: Undefined index: contentE:\wamp\www\self_cms\storage\view\compile\cc9ffe0f30bb31231d6f82509b0177d0.php 第 255 行.
[ 2015-07-29T00:57:15+08:00 ]NOTICE: Undefined variable: idE:\wamp\www\self_cms\app\Home\Controller\IndexController.php 第 32 行.
[ 2015-07-29T00:57:36+08:00 ]NOTICE: Undefined variable: idE:\wamp\www\self_cms\app\Home\Controller\IndexController.php 第 32 行.
[ 2015-07-29T00:59:39+08:00 ]NOTICE: Undefined index: titleE:\wamp\www\self_cms\storage\view\compile\cc9ffe0f30bb31231d6f82509b0177d0.php 第 250 行.
[ 2015-07-29T09:06:03+08:00 ]NOTICE: Undefined variable: cidE:\wamp\www\self_cms\storage\view\compile\48d99c9d1a8aebda75a5a955ecb21856.php 第 239 行.
[ 2015-07-29T09:06:03+08:00 ]NOTICE: Undefined variable: cidE:\wamp\www\self_cms\storage\view\compile\48d99c9d1a8aebda75a5a955ecb21856.php 第 239 行.
[ 2015-07-29T09:09:59+08:00 ]NOTICE: Use of undefined constant list_20 - assumed 'list_20'E:\wamp\www\self_cms\storage\view\compile\48d99c9d1a8aebda75a5a955ecb21856.php 第 239 行.
[ 2015-07-29T09:09:59+08:00 ]NOTICE: Use of undefined constant list_20 - assumed 'list_20'E:\wamp\www\self_cms\storage\view\compile\48d99c9d1a8aebda75a5a955ecb21856.php 第 240 行.
[ 2015-07-29T09:09:59+08:00 ]NOTICE: Use of undefined constant list_20 - assumed 'list_20'E:\wamp\www\self_cms\storage\view\compile\48d99c9d1a8aebda75a5a955ecb21856.php 第 239 行.
[ 2015-07-29T09:09:59+08:00 ]NOTICE: Use of undefined constant list_20 - assumed 'list_20'E:\wamp\www\self_cms\storage\view\compile\48d99c9d1a8aebda75a5a955ecb21856.php 第 240 行.
[ 2015-07-29T09:41:16+08:00 ]NOTICE: Undefined variable: firstE:\wamp\www\self_cms\storage\view\compile\48d99c9d1a8aebda75a5a955ecb21856.php 第 252 行.
[ 2015-07-29T09:41:18+08:00 ]NOTICE: Undefined variable: firstE:\wamp\www\self_cms\storage\view\compile\48d99c9d1a8aebda75a5a955ecb21856.php 第 252 行.
[ 2015-07-29T09:44:00+08:00 ]NOTICE: Undefined variable: jinriE:\wamp\www\self_cms\storage\view\compile\48d99c9d1a8aebda75a5a955ecb21856.php 第 251 行.
[ 2015-07-29T09:44:00+08:00 ]NOTICE: Undefined variable: jinriE:\wamp\www\self_cms\storage\view\compile\48d99c9d1a8aebda75a5a955ecb21856.php 第 251 行.
[ 2015-07-29T09:44:00+08:00 ]NOTICE: Undefined variable: jinriE:\wamp\www\self_cms\storage\view\compile\48d99c9d1a8aebda75a5a955ecb21856.php 第 251 行.
[ 2015-07-29T09:44:01+08:00 ]NOTICE: Undefined variable: jinriE:\wamp\www\self_cms\storage\view\compile\48d99c9d1a8aebda75a5a955ecb21856.php 第 251 行.
[ 2015-07-29T09:44:01+08:00 ]NOTICE: Undefined variable: jinriE:\wamp\www\self_cms\storage\view\compile\48d99c9d1a8aebda75a5a955ecb21856.php 第 251 行.
[ 2015-07-29T09:44:01+08:00 ]NOTICE: Undefined variable: jinriE:\wamp\www\self_cms\storage\view\compile\48d99c9d1a8aebda75a5a955ecb21856.php 第 251 行.
[ 2015-07-29T09:46:03+08:00 ]NOTICE: Undefined variable: jinriE:\wamp\www\self_cms\storage\view\compile\48d99c9d1a8aebda75a5a955ecb21856.php 第 251 行.
[ 2015-07-29T09:46:03+08:00 ]NOTICE: Undefined variable: jinriE:\wamp\www\self_cms\storage\view\compile\48d99c9d1a8aebda75a5a955ecb21856.php 第 251 行.
[ 2015-07-29T09:46:03+08:00 ]NOTICE: Undefined variable: jinriE:\wamp\www\self_cms\storage\view\compile\48d99c9d1a8aebda75a5a955ecb21856.php 第 251 行.
[ 2015-07-29T09:46:04+08:00 ]NOTICE: Undefined variable: jinriE:\wamp\www\self_cms\storage\view\compile\48d99c9d1a8aebda75a5a955ecb21856.php 第 251 行.
[ 2015-07-29T09:46:04+08:00 ]NOTICE: Undefined variable: jinriE:\wamp\www\self_cms\storage\view\compile\48d99c9d1a8aebda75a5a955ecb21856.php 第 251 行.
[ 2015-07-29T09:46:04+08:00 ]NOTICE: Undefined variable: jinriE:\wamp\www\self_cms\storage\view\compile\48d99c9d1a8aebda75a5a955ecb21856.php 第 251 行.
[ 2015-07-29T09:51:38+08:00 ]NOTICE: Use of undefined constant 每日点评 - assumed '每日点评'E:\wamp\www\self_cms\storage\view\compile\48d99c9d1a8aebda75a5a955ecb21856.php 第 244 行.
[ 2015-07-29T09:51:39+08:00 ]NOTICE: Use of undefined constant 每日点评 - assumed '每日点评'E:\wamp\www\self_cms\storage\view\compile\48d99c9d1a8aebda75a5a955ecb21856.php 第 244 行.
[ 2015-07-29T09:56:08+08:00 ]NOTICE: Use of undefined constant 每日点评 - assumed '每日点评'E:\wamp\www\self_cms\storage\view\compile\48d99c9d1a8aebda75a5a955ecb21856.php 第 244 行.
[ 2015-07-29T09:56:09+08:00 ]NOTICE: Use of undefined constant 每日点评 - assumed '每日点评'E:\wamp\www\self_cms\storage\view\compile\48d99c9d1a8aebda75a5a955ecb21856.php 第 244 行.
[ 2015-07-29T09:56:10+08:00 ]NOTICE: Use of undefined constant 每日点评 - assumed '每日点评'E:\wamp\www\self_cms\storage\view\compile\48d99c9d1a8aebda75a5a955ecb21856.php 第 244 行.
[ 2015-07-29T09:56:10+08:00 ]NOTICE: Use of undefined constant 每日点评 - assumed '每日点评'E:\wamp\www\self_cms\storage\view\compile\48d99c9d1a8aebda75a5a955ecb21856.php 第 244 行.
[ 2015-07-29T10:44:17+08:00 ]NOTICE: Undefined index: valueE:\wamp\www\self_cms\Hdphp\View\HdphpTag.php 第 142 行.
[ 2015-07-29T10:45:58+08:00 ]NOTICE: Undefined index: valueE:\wamp\www\self_cms\Hdphp\View\HdphpTag.php 第 142 行.
[ 2015-07-29T10:46:26+08:00 ]NOTICE: Undefined index: valueE:\wamp\www\self_cms\Hdphp\View\HdphpTag.php 第 142 行.
[ 2015-07-29T10:56:12+08:00 ]NOTICE: Illegal string offset 'id'E:\wamp\www\self_cms\app\Common\Tag\Common.php 第 42 行.
[ 2015-07-29T10:57:30+08:00 ]NOTICE: Illegal string offset 'id'E:\wamp\www\self_cms\app\Common\Tag\Common.php 第 42 行.
[ 2015-07-29T11:12:46+08:00 ]NOTICE: Illegal string offset 'url'E:\wamp\www\self_cms\app\Common\Tag\Common.php 第 43 行.
[ 2015-07-29T11:12:46+08:00 ]NOTICE: Undefined variable: jE:\wamp\www\self_cms\app\Common\Tag\Common.php 第 43 行.
[ 2015-07-29T11:12:46+08:00 ]NOTICE: Illegal string offset 'id'E:\wamp\www\self_cms\app\Common\Tag\Common.php 第 43 行.
[ 2015-07-29T11:12:46+08:00 ]NOTICE: Undefined variable: jE:\wamp\www\self_cms\app\Common\Tag\Common.php 第 43 行.
[ 2015-07-29T11:15:56+08:00 ]NOTICE: Undefined variable: jinriE:\wamp\www\self_cms\app\Common\Tag\Common.php 第 35 行.
[ 2015-07-29T11:22:59+08:00 ]NOTICE: Undefined variable: jinriE:\wamp\www\self_cms\app\Common\Tag\Common.php 第 43 行.
[ 2015-07-29T11:22:59+08:00 ]NOTICE: Undefined variable: jinriE:\wamp\www\self_cms\app\Common\Tag\Common.php 第 43 行.
[ 2015-07-29T11:23:41+08:00 ]NOTICE: Illegal string offset 'url'E:\wamp\www\self_cms\app\Common\Tag\Common.php 第 43 行.
[ 2015-07-29T11:23:41+08:00 ]NOTICE: Undefined variable: jE:\wamp\www\self_cms\app\Common\Tag\Common.php 第 43 行.
[ 2015-07-29T11:23:41+08:00 ]NOTICE: Illegal string offset 'id'E:\wamp\www\self_cms\app\Common\Tag\Common.php 第 43 行.
[ 2015-07-29T11:23:41+08:00 ]NOTICE: Undefined variable: jE:\wamp\www\self_cms\app\Common\Tag\Common.php 第 43 行.
[ 2015-07-29T11:27:17+08:00 ]NOTICE: Illegal string offset 'url'E:\wamp\www\self_cms\app\Common\Tag\Common.php 第 43 行.
[ 2015-07-29T11:27:17+08:00 ]NOTICE: Undefined variable: jE:\wamp\www\self_cms\app\Common\Tag\Common.php 第 43 行.
[ 2015-07-29T11:27:17+08:00 ]NOTICE: Illegal string offset 'id'E:\wamp\www\self_cms\app\Common\Tag\Common.php 第 43 行.
[ 2015-07-29T11:27:17+08:00 ]NOTICE: Undefined variable: jE:\wamp\www\self_cms\app\Common\Tag\Common.php 第 43 行.
[ 2015-07-29T11:33:41+08:00 ]NOTICE: Undefined variable: panmianE:\wamp\www\self_cms\storage\view\compile\48d99c9d1a8aebda75a5a955ecb21856.php 第 281 行.
[ 2015-07-29T11:33:43+08:00 ]NOTICE: Undefined variable: panmianE:\wamp\www\self_cms\storage\view\compile\48d99c9d1a8aebda75a5a955ecb21856.php 第 281 行.
[ 2015-07-29T11:34:18+08:00 ]NOTICE: Undefined variable: panmianE:\wamp\www\self_cms\storage\view\compile\48d99c9d1a8aebda75a5a955ecb21856.php 第 281 行.
[ 2015-07-29T11:34:20+08:00 ]NOTICE: Undefined variable: panmianE:\wamp\www\self_cms\storage\view\compile\48d99c9d1a8aebda75a5a955ecb21856.php 第 281 行.
[ 2015-07-29T11:34:23+08:00 ]NOTICE: Undefined variable: panmianE:\wamp\www\self_cms\storage\view\compile\48d99c9d1a8aebda75a5a955ecb21856.php 第 281 行.
[ 2015-07-29T11:34:24+08:00 ]NOTICE: Undefined variable: panmianE:\wamp\www\self_cms\storage\view\compile\48d99c9d1a8aebda75a5a955ecb21856.php 第 281 行.
[ 2015-07-29T11:35:31+08:00 ]NOTICE: Undefined variable: panmianE:\wamp\www\self_cms\storage\view\compile\48d99c9d1a8aebda75a5a955ecb21856.php 第 281 行.
[ 2015-07-29T11:35:32+08:00 ]NOTICE: Undefined variable: panmianE:\wamp\www\self_cms\storage\view\compile\48d99c9d1a8aebda75a5a955ecb21856.php 第 281 行.
[ 2015-07-29T11:38:28+08:00 ]NOTICE: Undefined variable: panmianE:\wamp\www\self_cms\storage\view\compile\48d99c9d1a8aebda75a5a955ecb21856.php 第 281 行.
[ 2015-07-29T11:38:29+08:00 ]NOTICE: Undefined variable: panmianE:\wamp\www\self_cms\storage\view\compile\48d99c9d1a8aebda75a5a955ecb21856.php 第 281 行.
[ 2015-07-29T12:01:04+08:00 ]NOTICE: Undefined index: valueE:\wamp\www\self_cms\Hdphp\View\HdphpTag.php 第 142 行.
[ 2015-07-29T12:11:48+08:00 ]NOTICE: Array to string conversionE:\wamp\www\self_cms\storage\view\compile\48d99c9d1a8aebda75a5a955ecb21856.php 第 283 行.
[ 2015-07-29T12:11:49+08:00 ]NOTICE: Array to string conversionE:\wamp\www\self_cms\storage\view\compile\48d99c9d1a8aebda75a5a955ecb21856.php 第 283 行.
[ 2015-07-29T12:12:16+08:00 ]NOTICE: Undefined index: pathE:\wamp\www\self_cms\storage\view\compile\48d99c9d1a8aebda75a5a955ecb21856.php 第 284 行.
[ 2015-07-29T12:12:17+08:00 ]NOTICE: Undefined index: pathE:\wamp\www\self_cms\storage\view\compile\48d99c9d1a8aebda75a5a955ecb21856.php 第 284 行.
[ 2015-07-29T12:12:46+08:00 ]NOTICE: Undefined index: pathE:\wamp\www\self_cms\storage\view\compile\48d99c9d1a8aebda75a5a955ecb21856.php 第 284 行.
[ 2015-07-29T12:12:48+08:00 ]NOTICE: Undefined index: pathE:\wamp\www\self_cms\storage\view\compile\48d99c9d1a8aebda75a5a955ecb21856.php 第 284 行.
[ 2015-07-29T17:02:29+08:00 ]NOTICE: Undefined index: catnameE:\wamp\www\self_cms\app\Common\Tag\Common.php 第 33 行.
[ 2015-07-29T17:02:29+08:00 ]NOTICE: Undefined index: nameE:\wamp\www\self_cms\app\Common\Tag\Common.php 第 34 行.
[ 2015-07-29T17:13:41+08:00 ]NOTICE: Undefined variable: fenxoE:\wamp\www\self_cms\storage\view\compile\48d99c9d1a8aebda75a5a955ecb21856.php 第 315 行.
[ 2015-07-29T17:13:41+08:00 ]NOTICE: Undefined variable: fenxoE:\wamp\www\self_cms\storage\view\compile\48d99c9d1a8aebda75a5a955ecb21856.php 第 315 行.
[ 2015-07-29T17:13:41+08:00 ]NOTICE: Undefined variable: fenxoE:\wamp\www\self_cms\storage\view\compile\48d99c9d1a8aebda75a5a955ecb21856.php 第 315 行.
[ 2015-07-29T17:13:41+08:00 ]NOTICE: Undefined variable: fenxoE:\wamp\www\self_cms\storage\view\compile\48d99c9d1a8aebda75a5a955ecb21856.php 第 315 行.
[ 2015-07-29T17:42:59+08:00 ]NOTICE: Undefined variable: contE:\wamp\www\self_cms\storage\view\compile\48d99c9d1a8aebda75a5a955ecb21856.php 第 317 行.
[ 2015-07-29T17:42:59+08:00 ]NOTICE: Undefined variable: contE:\wamp\www\self_cms\storage\view\compile\48d99c9d1a8aebda75a5a955ecb21856.php 第 317 行.
[ 2015-07-29T17:43:22+08:00 ]NOTICE: Undefined variable: contE:\wamp\www\self_cms\storage\view\compile\48d99c9d1a8aebda75a5a955ecb21856.php 第 317 行.
[ 2015-07-29T17:43:22+08:00 ]NOTICE: Undefined variable: contE:\wamp\www\self_cms\storage\view\compile\48d99c9d1a8aebda75a5a955ecb21856.php 第 317 行.
[ 2015-07-29T17:43:57+08:00 ]NOTICE: Undefined variable: attrE:\wamp\www\self_cms\storage\view\compile\48d99c9d1a8aebda75a5a955ecb21856.php 第 317 行.
[ 2015-07-29T17:43:57+08:00 ]NOTICE: Undefined variable: attrE:\wamp\www\self_cms\storage\view\compile\48d99c9d1a8aebda75a5a955ecb21856.php 第 317 行.
[ 2015-07-29T17:43:57+08:00 ]NOTICE: Undefined variable: attrE:\wamp\www\self_cms\storage\view\compile\48d99c9d1a8aebda75a5a955ecb21856.php 第 317 行.
[ 2015-07-29T17:43:57+08:00 ]NOTICE: Undefined variable: attrE:\wamp\www\self_cms\storage\view\compile\48d99c9d1a8aebda75a5a955ecb21856.php 第 317 行.
[ 2015-07-29T17:44:01+08:00 ]NOTICE: Undefined variable: attrE:\wamp\www\self_cms\storage\view\compile\48d99c9d1a8aebda75a5a955ecb21856.php 第 317 行.
[ 2015-07-29T17:44:01+08:00 ]NOTICE: Undefined variable: attrE:\wamp\www\self_cms\storage\view\compile\48d99c9d1a8aebda75a5a955ecb21856.php 第 317 行.
[ 2015-07-29T17:44:02+08:00 ]NOTICE: Undefined variable: attrE:\wamp\www\self_cms\storage\view\compile\48d99c9d1a8aebda75a5a955ecb21856.php 第 317 行.
[ 2015-07-29T17:44:02+08:00 ]NOTICE: Undefined variable: attrE:\wamp\www\self_cms\storage\view\compile\48d99c9d1a8aebda75a5a955ecb21856.php 第 317 行.
[ 2015-07-29T17:44:18+08:00 ]NOTICE: Undefined variable: contentE:\wamp\www\self_cms\storage\view\compile\48d99c9d1a8aebda75a5a955ecb21856.php 第 317 行.
[ 2015-07-29T17:44:18+08:00 ]NOTICE: Undefined variable: contentE:\wamp\www\self_cms\storage\view\compile\48d99c9d1a8aebda75a5a955ecb21856.php 第 317 行.
[ 2015-07-29T17:44:19+08:00 ]NOTICE: Undefined variable: contentE:\wamp\www\self_cms\storage\view\compile\48d99c9d1a8aebda75a5a955ecb21856.php 第 317 行.
[ 2015-07-29T17:44:19+08:00 ]NOTICE: Undefined variable: contentE:\wamp\www\self_cms\storage\view\compile\48d99c9d1a8aebda75a5a955ecb21856.php 第 317 行.
[ 2015-07-29T17:45:25+08:00 ]NOTICE: Undefined variable: attrE:\wamp\www\self_cms\storage\view\compile\48d99c9d1a8aebda75a5a955ecb21856.php 第 317 行.
[ 2015-07-29T17:45:25+08:00 ]NOTICE: Undefined variable: attrE:\wamp\www\self_cms\storage\view\compile\48d99c9d1a8aebda75a5a955ecb21856.php 第 317 行.
[ 2015-07-29T17:45:26+08:00 ]NOTICE: Undefined variable: attrE:\wamp\www\self_cms\storage\view\compile\48d99c9d1a8aebda75a5a955ecb21856.php 第 317 行.
[ 2015-07-29T17:45:26+08:00 ]NOTICE: Undefined variable: attrE:\wamp\www\self_cms\storage\view\compile\48d99c9d1a8aebda75a5a955ecb21856.php 第 317 行.
[ 2015-07-29T17:46:23+08:00 ]NOTICE: Undefined variable: contentE:\wamp\www\self_cms\storage\view\compile\48d99c9d1a8aebda75a5a955ecb21856.php 第 317 行.
[ 2015-07-29T17:46:23+08:00 ]NOTICE: Undefined variable: contentE:\wamp\www\self_cms\storage\view\compile\48d99c9d1a8aebda75a5a955ecb21856.php 第 317 行.
[ 2015-07-29T17:46:23+08:00 ]NOTICE: Undefined variable: contentE:\wamp\www\self_cms\storage\view\compile\48d99c9d1a8aebda75a5a955ecb21856.php 第 317 行.
[ 2015-07-29T17:46:23+08:00 ]NOTICE: Undefined variable: contentE:\wamp\www\self_cms\storage\view\compile\48d99c9d1a8aebda75a5a955ecb21856.php 第 317 行.
[ 2015-07-29T17:46:25+08:00 ]NOTICE: Undefined variable: contentE:\wamp\www\self_cms\storage\view\compile\48d99c9d1a8aebda75a5a955ecb21856.php 第 317 行.
[ 2015-07-29T17:46:25+08:00 ]NOTICE: Undefined variable: contentE:\wamp\www\self_cms\storage\view\compile\48d99c9d1a8aebda75a5a955ecb21856.php 第 317 行.
[ 2015-07-29T17:46:26+08:00 ]NOTICE: Undefined variable: contentE:\wamp\www\self_cms\storage\view\compile\48d99c9d1a8aebda75a5a955ecb21856.php 第 317 行.
[ 2015-07-29T17:46:26+08:00 ]NOTICE: Undefined variable: contentE:\wamp\www\self_cms\storage\view\compile\48d99c9d1a8aebda75a5a955ecb21856.php 第 317 行.
[ 2015-07-29T18:15:55+08:00 ]NOTICE: Undefined variable: fenxinE:\wamp\www\self_cms\storage\view\compile\48d99c9d1a8aebda75a5a955ecb21856.php 第 316 行.
[ 2015-07-29T18:15:55+08:00 ]NOTICE: Undefined variable: fenxinE:\wamp\www\self_cms\storage\view\compile\48d99c9d1a8aebda75a5a955ecb21856.php 第 316 行.
[ 2015-07-29T18:15:56+08:00 ]NOTICE: Undefined variable: fenxinE:\wamp\www\self_cms\storage\view\compile\48d99c9d1a8aebda75a5a955ecb21856.php 第 316 行.
[ 2015-07-29T18:15:56+08:00 ]NOTICE: Undefined variable: fenxinE:\wamp\www\self_cms\storage\view\compile\48d99c9d1a8aebda75a5a955ecb21856.php 第 316 行.
[ 2015-07-29T18:17:30+08:00 ]NOTICE: Undefined variable: fenxinE:\wamp\www\self_cms\storage\view\compile\48d99c9d1a8aebda75a5a955ecb21856.php 第 316 行.
[ 2015-07-29T18:17:30+08:00 ]NOTICE: Undefined variable: fenxinE:\wamp\www\self_cms\storage\view\compile\48d99c9d1a8aebda75a5a955ecb21856.php 第 316 行.
[ 2015-07-29T18:17:31+08:00 ]NOTICE: Undefined variable: fenxinE:\wamp\www\self_cms\storage\view\compile\48d99c9d1a8aebda75a5a955ecb21856.php 第 316 行.
[ 2015-07-29T18:17:31+08:00 ]NOTICE: Undefined variable: fenxinE:\wamp\www\self_cms\storage\view\compile\48d99c9d1a8aebda75a5a955ecb21856.php 第 316 行.
[ 2015-07-29T18:17:34+08:00 ]NOTICE: Undefined variable: fenxinE:\wamp\www\self_cms\storage\view\compile\48d99c9d1a8aebda75a5a955ecb21856.php 第 316 行.
[ 2015-07-29T18:17:34+08:00 ]NOTICE: Undefined variable: fenxinE:\wamp\www\self_cms\storage\view\compile\48d99c9d1a8aebda75a5a955ecb21856.php 第 316 行.
[ 2015-07-29T18:17:34+08:00 ]NOTICE: Undefined variable: fenxinE:\wamp\www\self_cms\storage\view\compile\48d99c9d1a8aebda75a5a955ecb21856.php 第 316 行.
[ 2015-07-29T18:17:34+08:00 ]NOTICE: Undefined variable: fenxinE:\wamp\www\self_cms\storage\view\compile\48d99c9d1a8aebda75a5a955ecb21856.php 第 316 行.
[ 2015-07-29T19:02:16+08:00 ]NOTICE: Undefined variable: contE:\wamp\www\self_cms\storage\view\compile\48d99c9d1a8aebda75a5a955ecb21856.php 第 291 行.
[ 2015-07-29T19:02:16+08:00 ]NOTICE: Undefined variable: contE:\wamp\www\self_cms\storage\view\compile\48d99c9d1a8aebda75a5a955ecb21856.php 第 291 行.
[ 2015-07-29T19:02:16+08:00 ]NOTICE: Undefined variable: contE:\wamp\www\self_cms\storage\view\compile\48d99c9d1a8aebda75a5a955ecb21856.php 第 291 行.
[ 2015-07-29T19:02:16+08:00 ]NOTICE: Undefined variable: contE:\wamp\www\self_cms\storage\view\compile\48d99c9d1a8aebda75a5a955ecb21856.php 第 291 行.
[ 2015-07-29T19:02:16+08:00 ]NOTICE: Undefined variable: contE:\wamp\www\self_cms\storage\view\compile\48d99c9d1a8aebda75a5a955ecb21856.php 第 291 行.
[ 2015-07-29T19:02:16+08:00 ]NOTICE: Undefined variable: contE:\wamp\www\self_cms\storage\view\compile\48d99c9d1a8aebda75a5a955ecb21856.php 第 291 行.
[ 2015-07-29T19:02:16+08:00 ]NOTICE: Undefined variable: contE:\wamp\www\self_cms\storage\view\compile\48d99c9d1a8aebda75a5a955ecb21856.php 第 291 行.
[ 2015-07-29T19:02:16+08:00 ]NOTICE: Undefined variable: contE:\wamp\www\self_cms\storage\view\compile\48d99c9d1a8aebda75a5a955ecb21856.php 第 291 行.
[ 2015-07-29T19:02:16+08:00 ]NOTICE: Undefined variable: contE:\wamp\www\self_cms\storage\view\compile\48d99c9d1a8aebda75a5a955ecb21856.php 第 291 行.
[ 2015-07-29T19:02:16+08:00 ]NOTICE: Undefined variable: contE:\wamp\www\self_cms\storage\view\compile\48d99c9d1a8aebda75a5a955ecb21856.php 第 291 行.
[ 2015-07-29T19:04:52+08:00 ]NOTICE: Undefined variable: attrE:\wamp\www\self_cms\storage\view\compile\48d99c9d1a8aebda75a5a955ecb21856.php 第 291 行.
[ 2015-07-29T19:04:52+08:00 ]NOTICE: Undefined variable: attrE:\wamp\www\self_cms\storage\view\compile\48d99c9d1a8aebda75a5a955ecb21856.php 第 291 行.
[ 2015-07-29T19:04:52+08:00 ]NOTICE: Undefined variable: attrE:\wamp\www\self_cms\storage\view\compile\48d99c9d1a8aebda75a5a955ecb21856.php 第 291 行.
[ 2015-07-29T19:04:52+08:00 ]NOTICE: Undefined variable: attrE:\wamp\www\self_cms\storage\view\compile\48d99c9d1a8aebda75a5a955ecb21856.php 第 291 行.
[ 2015-07-29T19:04:52+08:00 ]NOTICE: Undefined variable: attrE:\wamp\www\self_cms\storage\view\compile\48d99c9d1a8aebda75a5a955ecb21856.php 第 291 行.
[ 2015-07-29T19:04:52+08:00 ]NOTICE: Undefined variable: attrE:\wamp\www\self_cms\storage\view\compile\48d99c9d1a8aebda75a5a955ecb21856.php 第 291 行.
[ 2015-07-29T19:04:52+08:00 ]NOTICE: Undefined variable: attrE:\wamp\www\self_cms\storage\view\compile\48d99c9d1a8aebda75a5a955ecb21856.php 第 291 行.
[ 2015-07-29T19:04:52+08:00 ]NOTICE: Undefined variable: attrE:\wamp\www\self_cms\storage\view\compile\48d99c9d1a8aebda75a5a955ecb21856.php 第 291 行.
[ 2015-07-29T19:04:52+08:00 ]NOTICE: Undefined variable: attrE:\wamp\www\self_cms\storage\view\compile\48d99c9d1a8aebda75a5a955ecb21856.php 第 291 行.
[ 2015-07-29T19:04:52+08:00 ]NOTICE: Undefined variable: attrE:\wamp\www\self_cms\storage\view\compile\48d99c9d1a8aebda75a5a955ecb21856.php 第 291 行.
[ 2015-07-29T23:21:17+08:00 ]NOTICE: Undefined variable: zixunE:\wamp\www\self_cms\storage\view\compile\48d99c9d1a8aebda75a5a955ecb21856.php 第 359 行.
[ 2015-07-29T23:21:18+08:00 ]NOTICE: Undefined variable: zixunE:\wamp\www\self_cms\storage\view\compile\48d99c9d1a8aebda75a5a955ecb21856.php 第 359 行.
[ 2015-07-29T23:21:18+08:00 ]NOTICE: Undefined variable: zixunE:\wamp\www\self_cms\storage\view\compile\48d99c9d1a8aebda75a5a955ecb21856.php 第 359 行.
[ 2015-07-29T23:21:18+08:00 ]NOTICE: Undefined variable: zixunE:\wamp\www\self_cms\storage\view\compile\48d99c9d1a8aebda75a5a955ecb21856.php 第 359 行.
