[ 2015-08-02T00:59:40+08:00 ]NOTICE: Declaration of Admin\Model\User::add() should be compatible with Hdphp\Model\Model::add(array $data = Array)E:\wamp\www\self_cms\app\Admin\Model\User.php 第 5 行.
[ 2015-08-02T01:02:27+08:00 ]NOTICE: Declaration of Admin\Model\User::add() should be compatible with Hdphp\Model\Model::add(array $data = Array)E:\wamp\www\self_cms\app\Admin\Model\User.php 第 5 行.
[ 2015-08-02T01:10:49+08:00 ]NOTICE: Declaration of Admin\Model\User::add() should be compatible with Hdphp\Model\Model::add(array $data = Array)E:\wamp\www\self_cms\app\Admin\Model\User.php 第 5 行.
[ 2015-08-02T01:10:59+08:00 ]NOTICE: Declaration of Admin\Model\User::add() should be compatible with Hdphp\Model\Model::add(array $data = Array)E:\wamp\www\self_cms\app\Admin\Model\User.php 第 5 行.
[ 2015-08-02T01:31:23+08:00 ]EXCEPTION: SELECT  u.id,u.username,ur.name  FROM user u INNER JOIN user_role ur ON ur.user_id = u.id  INNER JOIN role r ON r.id = ur.role_id ;BindParams:array (
)42S22;1054;Unknown column 'ur.name' in 'field list'
[ 2015-08-02T12:17:52+08:00 ]EXCEPTION: Method Admin\Controller\AdminController::edit() does not exist
[ 2015-08-02T12:17:53+08:00 ]EXCEPTION: Method Admin\Controller\AdminController::edit() does not exist
[ 2015-08-02T12:17:53+08:00 ]EXCEPTION: Method Admin\Controller\AdminController::edit() does not exist
[ 2015-08-02T12:17:53+08:00 ]EXCEPTION: Method Admin\Controller\AdminController::edit() does not exist
[ 2015-08-02T12:17:59+08:00 ]EXCEPTION: Method Admin\Controller\AdminController::edit() does not exist
[ 2015-08-02T12:17:59+08:00 ]EXCEPTION: Method Admin\Controller\AdminController::edit() does not exist
[ 2015-08-02T12:18:29+08:00 ]EXCEPTION: Method Admin\Controller\AdminController::edit() does not exist
[ 2015-08-02T12:18:29+08:00 ]EXCEPTION: Method Admin\Controller\AdminController::edit() does not exist
[ 2015-08-02T12:25:53+08:00 ]EXCEPTION: Method Admin\Controller\AdminController::edit() does not exist
[ 2015-08-02T12:25:54+08:00 ]EXCEPTION: Method Admin\Controller\AdminController::edit() does not exist
[ 2015-08-02T12:30:48+08:00 ]NOTICE: Undefined variable: dataE:\wamp\www\self_cms\storage\view\compile\ced3011db8262c160d8b844a6960f620.php 第 38 行.
[ 2015-08-02T12:30:48+08:00 ]NOTICE: Invalid argument supplied for foreach()E:\wamp\www\self_cms\storage\view\compile\ced3011db8262c160d8b844a6960f620.php 第 38 行.
[ 2015-08-02T12:30:48+08:00 ]NOTICE: Undefined variable: dataE:\wamp\www\self_cms\storage\view\compile\ced3011db8262c160d8b844a6960f620.php 第 38 行.
[ 2015-08-02T12:30:48+08:00 ]NOTICE: Invalid argument supplied for foreach()E:\wamp\www\self_cms\storage\view\compile\ced3011db8262c160d8b844a6960f620.php 第 38 行.
[ 2015-08-02T12:36:52+08:00 ]NOTICE: Undefined index: usernameE:\wamp\www\self_cms\storage\view\compile\ced3011db8262c160d8b844a6960f620.php 第 25 行.
[ 2015-08-02T12:41:23+08:00 ]NOTICE: Undefined index: usernameE:\wamp\www\self_cms\storage\view\compile\ced3011db8262c160d8b844a6960f620.php 第 25 行.
[ 2015-08-02T12:41:58+08:00 ]NOTICE: Undefined index: usernameE:\wamp\www\self_cms\storage\view\compile\ced3011db8262c160d8b844a6960f620.php 第 25 行.
[ 2015-08-02T12:41:58+08:00 ]NOTICE: Undefined variable: idE:\wamp\www\self_cms\storage\view\compile\ced3011db8262c160d8b844a6960f620.php 第 40 行.
[ 2015-08-02T12:41:58+08:00 ]NOTICE: Undefined variable: idE:\wamp\www\self_cms\storage\view\compile\ced3011db8262c160d8b844a6960f620.php 第 40 行.
[ 2015-08-02T12:41:58+08:00 ]NOTICE: Undefined variable: idE:\wamp\www\self_cms\storage\view\compile\ced3011db8262c160d8b844a6960f620.php 第 40 行.
[ 2015-08-02T12:41:58+08:00 ]NOTICE: Undefined variable: idE:\wamp\www\self_cms\storage\view\compile\ced3011db8262c160d8b844a6960f620.php 第 40 行.
[ 2015-08-02T12:41:58+08:00 ]NOTICE: Undefined variable: idE:\wamp\www\self_cms\storage\view\compile\ced3011db8262c160d8b844a6960f620.php 第 40 行.
[ 2015-08-02T12:42:31+08:00 ]NOTICE: Undefined index: usernameE:\wamp\www\self_cms\storage\view\compile\ced3011db8262c160d8b844a6960f620.php 第 25 行.
[ 2015-08-02T12:42:31+08:00 ]NOTICE: Undefined variable: idE:\wamp\www\self_cms\storage\view\compile\ced3011db8262c160d8b844a6960f620.php 第 40 行.
[ 2015-08-02T12:42:31+08:00 ]NOTICE: Undefined variable: idE:\wamp\www\self_cms\storage\view\compile\ced3011db8262c160d8b844a6960f620.php 第 40 行.
[ 2015-08-02T12:42:31+08:00 ]NOTICE: Undefined variable: idE:\wamp\www\self_cms\storage\view\compile\ced3011db8262c160d8b844a6960f620.php 第 40 行.
[ 2015-08-02T12:42:31+08:00 ]NOTICE: Undefined variable: idE:\wamp\www\self_cms\storage\view\compile\ced3011db8262c160d8b844a6960f620.php 第 40 行.
[ 2015-08-02T12:42:31+08:00 ]NOTICE: Undefined variable: idE:\wamp\www\self_cms\storage\view\compile\ced3011db8262c160d8b844a6960f620.php 第 40 行.
[ 2015-08-02T12:42:50+08:00 ]NOTICE: Undefined index: usernameE:\wamp\www\self_cms\storage\view\compile\ced3011db8262c160d8b844a6960f620.php 第 25 行.
[ 2015-08-02T12:42:50+08:00 ]NOTICE: Undefined index: idE:\wamp\www\self_cms\storage\view\compile\ced3011db8262c160d8b844a6960f620.php 第 40 行.
[ 2015-08-02T12:42:50+08:00 ]NOTICE: Undefined index: idE:\wamp\www\self_cms\storage\view\compile\ced3011db8262c160d8b844a6960f620.php 第 40 行.
[ 2015-08-02T12:42:50+08:00 ]NOTICE: Undefined index: idE:\wamp\www\self_cms\storage\view\compile\ced3011db8262c160d8b844a6960f620.php 第 40 行.
[ 2015-08-02T12:42:50+08:00 ]NOTICE: Undefined index: idE:\wamp\www\self_cms\storage\view\compile\ced3011db8262c160d8b844a6960f620.php 第 40 行.
[ 2015-08-02T12:42:50+08:00 ]NOTICE: Undefined index: idE:\wamp\www\self_cms\storage\view\compile\ced3011db8262c160d8b844a6960f620.php 第 40 行.
[ 2015-08-02T13:04:00+08:00 ]NOTICE: Undefined index: user_idE:\wamp\www\self_cms\app\Admin\Model\User.php 第 77 行.
[ 2015-08-02T13:04:26+08:00 ]NOTICE: Undefined index: user_idE:\wamp\www\self_cms\app\Admin\Model\User.php 第 77 行.
[ 2015-08-02T13:11:59+08:00 ]EXCEPTION: UPDATE role SET `role_id`=?,`user_id`=?  ;BindParams:array (
  'role_id' => '1',
  'user_id' => '12',
)42S22;1054;Unknown column 'role_id' in 'field list'
[ 2015-08-02T15:27:37+08:00 ]NOTICE: Undefined variable: dataE:\wamp\www\self_cms\storage\view\compile\60bee535c6b0656c93333106be67ee3d.php 第 32 行.
[ 2015-08-02T15:27:37+08:00 ]NOTICE: Invalid argument supplied for foreach()E:\wamp\www\self_cms\storage\view\compile\60bee535c6b0656c93333106be67ee3d.php 第 32 行.
[ 2015-08-02T15:27:37+08:00 ]NOTICE: Undefined variable: dataE:\wamp\www\self_cms\storage\view\compile\60bee535c6b0656c93333106be67ee3d.php 第 32 行.
[ 2015-08-02T15:27:37+08:00 ]NOTICE: Invalid argument supplied for foreach()E:\wamp\www\self_cms\storage\view\compile\60bee535c6b0656c93333106be67ee3d.php 第 32 行.
[ 2015-08-02T15:48:00+08:00 ]EXCEPTION: Method Admin\Controller\NodeController::add() does not exist
[ 2015-08-02T15:48:01+08:00 ]EXCEPTION: Method Admin\Controller\NodeController::add() does not exist
[ 2015-08-02T15:48:13+08:00 ]EXCEPTION: Method Admin\Controller\NodeController::add() does not exist
[ 2015-08-02T15:48:13+08:00 ]EXCEPTION: Method Admin\Controller\NodeController::add() does not exist
[ 2015-08-02T16:00:01+08:00 ]NOTICE: Undefined variable: variableE:\wamp\www\self_cms\storage\view\compile\590a8c18af58c66dd5e73a2fa8d6b93b.php 第 35 行.
[ 2015-08-02T16:00:01+08:00 ]NOTICE: Invalid argument supplied for foreach()E:\wamp\www\self_cms\storage\view\compile\590a8c18af58c66dd5e73a2fa8d6b93b.php 第 35 行.
[ 2015-08-02T16:14:59+08:00 ]EXCEPTION: Method Admin\Controller\NodeController::add() does not exist
[ 2015-08-02T16:15:28+08:00 ]EXCEPTION: Method Admin\Controller\NodeController::add() does not exist
[ 2015-08-02T16:43:40+08:00 ]EXCEPTION: Method Admin\Controller\NodeController::add() does not exist
[ 2015-08-02T16:45:13+08:00 ]EXCEPTION: Method Admin\Controller\NodeController::add() does not exist
[ 2015-08-02T17:11:51+08:00 ]NOTICE: Undefined variable: dataE:\wamp\www\self_cms\storage\view\compile\d83ad455294545b8614a6bb6c0fab1b9.php 第 31 行.
[ 2015-08-02T17:11:51+08:00 ]NOTICE: Invalid argument supplied for foreach()E:\wamp\www\self_cms\storage\view\compile\d83ad455294545b8614a6bb6c0fab1b9.php 第 31 行.
[ 2015-08-02T17:11:51+08:00 ]NOTICE: Undefined variable: dataE:\wamp\www\self_cms\storage\view\compile\d83ad455294545b8614a6bb6c0fab1b9.php 第 31 行.
[ 2015-08-02T17:11:51+08:00 ]NOTICE: Invalid argument supplied for foreach()E:\wamp\www\self_cms\storage\view\compile\d83ad455294545b8614a6bb6c0fab1b9.php 第 31 行.
[ 2015-08-02T17:12:35+08:00 ]NOTICE: Undefined variable: dataE:\wamp\www\self_cms\storage\view\compile\d83ad455294545b8614a6bb6c0fab1b9.php 第 31 行.
[ 2015-08-02T17:12:35+08:00 ]NOTICE: Invalid argument supplied for foreach()E:\wamp\www\self_cms\storage\view\compile\d83ad455294545b8614a6bb6c0fab1b9.php 第 31 行.
[ 2015-08-02T17:12:36+08:00 ]NOTICE: Undefined variable: dataE:\wamp\www\self_cms\storage\view\compile\d83ad455294545b8614a6bb6c0fab1b9.php 第 31 行.
[ 2015-08-02T17:12:36+08:00 ]NOTICE: Invalid argument supplied for foreach()E:\wamp\www\self_cms\storage\view\compile\d83ad455294545b8614a6bb6c0fab1b9.php 第 31 行.
[ 2015-08-02T21:28:42+08:00 ]NOTICE: Use of undefined constant Math - assumed 'Math'E:\wamp\www\self_cms\storage\view\compile\3ad969019d4a670222eaed1aad6f9f96.php 第 24 行.
[ 2015-08-02T21:29:11+08:00 ]NOTICE: Use of undefined constant Math - assumed 'Math'E:\wamp\www\self_cms\storage\view\compile\3ad969019d4a670222eaed1aad6f9f96.php 第 24 行.
[ 2015-08-02T21:29:34+08:00 ]NOTICE: Use of undefined constant Math - assumed 'Math'E:\wamp\www\self_cms\storage\view\compile\3ad969019d4a670222eaed1aad6f9f96.php 第 24 行.
[ 2015-08-02T21:32:35+08:00 ]EXCEPTION: Admin Math.random()\Controller\LoginController 不存在
[ 2015-08-02T21:32:51+08:00 ]EXCEPTION: Admin Math.random()\Controller\LoginController 不存在
[ 2015-08-02T22:01:42+08:00 ]EXCEPTION: Method Admin\Controller\LoginController::index() does not exist
[ 2015-08-02T22:16:24+08:00 ]NOTICE: Use of undefined constant login - assumed 'login'E:\wamp\www\self_cms\storage\view\compile\02b0381f53e067ab37c4f7d6fd42a68d.php 第 16 行.
[ 2015-08-02T22:16:24+08:00 ]NOTICE: Use of undefined constant out - assumed 'out'E:\wamp\www\self_cms\storage\view\compile\02b0381f53e067ab37c4f7d6fd42a68d.php 第 16 行.
[ 2015-08-02T22:16:24+08:00 ]NOTICE: Division by zeroE:\wamp\www\self_cms\storage\view\compile\02b0381f53e067ab37c4f7d6fd42a68d.php 第 16 行.
[ 2015-08-02T22:16:40+08:00 ]NOTICE: Use of undefined constant login - assumed 'login'E:\wamp\www\self_cms\storage\view\compile\02b0381f53e067ab37c4f7d6fd42a68d.php 第 16 行.
[ 2015-08-02T22:16:40+08:00 ]NOTICE: Use of undefined constant out - assumed 'out'E:\wamp\www\self_cms\storage\view\compile\02b0381f53e067ab37c4f7d6fd42a68d.php 第 16 行.
[ 2015-08-02T22:16:40+08:00 ]NOTICE: Division by zeroE:\wamp\www\self_cms\storage\view\compile\02b0381f53e067ab37c4f7d6fd42a68d.php 第 16 行.
[ 2015-08-02T22:17:06+08:00 ]NOTICE: Use of undefined constant login - assumed 'login'E:\wamp\www\self_cms\storage\view\compile\02b0381f53e067ab37c4f7d6fd42a68d.php 第 16 行.
[ 2015-08-02T22:17:06+08:00 ]NOTICE: Use of undefined constant out - assumed 'out'E:\wamp\www\self_cms\storage\view\compile\02b0381f53e067ab37c4f7d6fd42a68d.php 第 16 行.
[ 2015-08-02T22:17:06+08:00 ]NOTICE: Division by zeroE:\wamp\www\self_cms\storage\view\compile\02b0381f53e067ab37c4f7d6fd42a68d.php 第 16 行.
[ 2015-08-02T22:17:36+08:00 ]NOTICE: Use of undefined constant Login - assumed 'Login'E:\wamp\www\self_cms\storage\view\compile\02b0381f53e067ab37c4f7d6fd42a68d.php 第 16 行.
[ 2015-08-02T22:17:36+08:00 ]NOTICE: Use of undefined constant out - assumed 'out'E:\wamp\www\self_cms\storage\view\compile\02b0381f53e067ab37c4f7d6fd42a68d.php 第 16 行.
[ 2015-08-02T22:17:36+08:00 ]NOTICE: Division by zeroE:\wamp\www\self_cms\storage\view\compile\02b0381f53e067ab37c4f7d6fd42a68d.php 第 16 行.
[ 2015-08-02T22:17:47+08:00 ]NOTICE: Use of undefined constant Login - assumed 'Login'E:\wamp\www\self_cms\storage\view\compile\02b0381f53e067ab37c4f7d6fd42a68d.php 第 16 行.
[ 2015-08-02T22:17:47+08:00 ]NOTICE: Use of undefined constant out - assumed 'out'E:\wamp\www\self_cms\storage\view\compile\02b0381f53e067ab37c4f7d6fd42a68d.php 第 16 行.
[ 2015-08-02T22:17:47+08:00 ]NOTICE: Division by zeroE:\wamp\www\self_cms\storage\view\compile\02b0381f53e067ab37c4f7d6fd42a68d.php 第 16 行.
[ 2015-08-02T22:18:39+08:00 ]NOTICE: Use of undefined constant Login - assumed 'Login'E:\wamp\www\self_cms\storage\view\compile\02b0381f53e067ab37c4f7d6fd42a68d.php 第 16 行.
[ 2015-08-02T22:18:39+08:00 ]NOTICE: Use of undefined constant out - assumed 'out'E:\wamp\www\self_cms\storage\view\compile\02b0381f53e067ab37c4f7d6fd42a68d.php 第 16 行.
[ 2015-08-02T22:18:39+08:00 ]NOTICE: Division by zeroE:\wamp\www\self_cms\storage\view\compile\02b0381f53e067ab37c4f7d6fd42a68d.php 第 16 行.
[ 2015-08-02T22:21:08+08:00 ]NOTICE: Use of undefined constant Login - assumed 'Login'E:\wamp\www\self_cms\storage\view\compile\02b0381f53e067ab37c4f7d6fd42a68d.php 第 16 行.
[ 2015-08-02T22:21:08+08:00 ]NOTICE: Use of undefined constant out - assumed 'out'E:\wamp\www\self_cms\storage\view\compile\02b0381f53e067ab37c4f7d6fd42a68d.php 第 16 行.
[ 2015-08-02T22:21:08+08:00 ]NOTICE: Division by zeroE:\wamp\www\self_cms\storage\view\compile\02b0381f53e067ab37c4f7d6fd42a68d.php 第 16 行.
[ 2015-08-02T22:22:37+08:00 ]NOTICE: Use of undefined constant Admin - assumed 'Admin'E:\wamp\www\self_cms\storage\view\compile\02b0381f53e067ab37c4f7d6fd42a68d.php 第 16 行.
[ 2015-08-02T22:22:37+08:00 ]NOTICE: Use of undefined constant Login - assumed 'Login'E:\wamp\www\self_cms\storage\view\compile\02b0381f53e067ab37c4f7d6fd42a68d.php 第 16 行.
[ 2015-08-02T22:22:37+08:00 ]NOTICE: Division by zeroE:\wamp\www\self_cms\storage\view\compile\02b0381f53e067ab37c4f7d6fd42a68d.php 第 16 行.
[ 2015-08-02T22:22:37+08:00 ]NOTICE: Use of undefined constant out - assumed 'out'E:\wamp\www\self_cms\storage\view\compile\02b0381f53e067ab37c4f7d6fd42a68d.php 第 16 行.
[ 2015-08-02T22:22:37+08:00 ]NOTICE: Division by zeroE:\wamp\www\self_cms\storage\view\compile\02b0381f53e067ab37c4f7d6fd42a68d.php 第 16 行.
[ 2015-08-02T22:22:50+08:00 ]NOTICE: Use of undefined constant Admin - assumed 'Admin'E:\wamp\www\self_cms\storage\view\compile\02b0381f53e067ab37c4f7d6fd42a68d.php 第 16 行.
[ 2015-08-02T22:22:50+08:00 ]NOTICE: Use of undefined constant Login - assumed 'Login'E:\wamp\www\self_cms\storage\view\compile\02b0381f53e067ab37c4f7d6fd42a68d.php 第 16 行.
[ 2015-08-02T22:22:50+08:00 ]NOTICE: Division by zeroE:\wamp\www\self_cms\storage\view\compile\02b0381f53e067ab37c4f7d6fd42a68d.php 第 16 行.
[ 2015-08-02T22:22:50+08:00 ]NOTICE: Use of undefined constant out - assumed 'out'E:\wamp\www\self_cms\storage\view\compile\02b0381f53e067ab37c4f7d6fd42a68d.php 第 16 行.
[ 2015-08-02T22:22:50+08:00 ]NOTICE: Division by zeroE:\wamp\www\self_cms\storage\view\compile\02b0381f53e067ab37c4f7d6fd42a68d.php 第 16 行.
